2019-04-05 11:35:11,246 DEBUG (BaseJdbcLogger.java:159)- ==>  Preparing: SELECT m.*,u.userName FROM mishu AS m,USER AS u WHERE m.`userId`=u.`userid` 
2019-04-05 11:35:11,331 DEBUG (BaseJdbcLogger.java:159)- ==> Parameters: 
2019-04-05 11:35:11,367 DEBUG (BaseJdbcLogger.java:159)- <==      Total: 12
2019-04-05 11:57:24,765 DEBUG (BaseJdbcLogger.java:159)- ==>  Preparing: SELECT m.* FROM menu AS m,rolemenu AS rm WHERE m.mid=rm.mid AND rm.roleid=? AND m.pid IS NULL 
2019-04-05 11:57:24,769 DEBUG (BaseJdbcLogger.java:159)- ==> Parameters: 2(Integer)
2019-04-05 11:57:24,820 DEBUG (BaseJdbcLogger.java:159)- <==      Total: 4
2019-04-05 11:57:24,830 DEBUG (BaseJdbcLogger.java:159)- ==>  Preparing: SELECT m2.* FROM menu m1,menu m2 WHERE m1.mid=m2.pid AND m2.pid=? 
2019-04-05 11:57:24,831 DEBUG (BaseJdbcLogger.java:159)- ==> Parameters: 4(Integer)
2019-04-05 11:57:24,834 DEBUG (BaseJdbcLogger.java:159)- <==      Total: 1
2019-04-05 11:57:24,840 DEBUG (BaseJdbcLogger.java:159)- ==>  Preparing: SELECT m2.* FROM menu m1,menu m2 WHERE m1.mid=m2.pid AND m2.pid=? 
2019-04-05 11:57:24,840 DEBUG (BaseJdbcLogger.java:159)- ==> Parameters: 5(Integer)
2019-04-05 11:57:24,841 DEBUG (BaseJdbcLogger.java:159)- <==      Total: 2
2019-04-05 11:57:24,845 DEBUG (BaseJdbcLogger.java:159)- ==>  Preparing: SELECT m2.* FROM menu m1,menu m2 WHERE m1.mid=m2.pid AND m2.pid=? 
2019-04-05 11:57:24,845 DEBUG (BaseJdbcLogger.java:159)- ==> Parameters: 6(Integer)
2019-04-05 11:57:24,846 DEBUG (BaseJdbcLogger.java:159)- <==      Total: 2
2019-04-05 11:57:24,850 DEBUG (BaseJdbcLogger.java:159)- ==>  Preparing: SELECT m2.* FROM menu m1,menu m2 WHERE m1.mid=m2.pid AND m2.pid=? 
2019-04-05 11:57:24,851 DEBUG (BaseJdbcLogger.java:159)- ==> Parameters: 9(Integer)
2019-04-05 11:57:24,854 DEBUG (BaseJdbcLogger.java:159)- <==      Total: 2
2019-04-05 11:57:26,743 DEBUG (BaseJdbcLogger.java:159)- ==>  Preparing: SELECT m.*,u.userName FROM mishu AS m,USER AS u WHERE m.`userId`=u.`userid` 
2019-04-05 11:57:26,744 DEBUG (BaseJdbcLogger.java:159)- ==> Parameters: 
2019-04-05 11:57:26,786 DEBUG (BaseJdbcLogger.java:159)- <==      Total: 12
2019-04-05 11:57:28,421 DEBUG (BaseJdbcLogger.java:159)- ==>  Preparing: select * from mishu where businessCoding=? 
2019-04-05 11:57:28,421 DEBUG (BaseJdbcLogger.java:159)- ==> Parameters: CZM20180314001(String)
2019-04-05 11:57:28,424 DEBUG (BaseJdbcLogger.java:159)- <==      Total: 1
2019-04-05 11:57:37,724 DEBUG (BaseJdbcLogger.java:159)- ==>  Preparing: UPDATE `mishu` SET `customerName` = ?, `telephone` = ?, `licensePlate` = ?, `plateColor` = ?, `threeInOne` = ?, `businessCoding` = ? WHERE `businessCoding` = ? 
2019-04-05 11:57:37,725 DEBUG (BaseJdbcLogger.java:159)- ==> Parameters: 张三定期维权(String), 17831125352(String), 冀A2232(String), 3(Integer), 0(Integer), CZM20180314001(String), CZM20180314001(String)
2019-04-05 11:57:37,731 DEBUG (BaseJdbcLogger.java:159)- <==    Updates: 1
2019-04-05 11:57:37,754 DEBUG (BaseJdbcLogger.java:159)- ==>  Preparing: SELECT m.*,u.userName FROM mishu AS m,USER AS u WHERE m.`userId`=u.`userid` 
2019-04-05 11:57:37,754 DEBUG (BaseJdbcLogger.java:159)- ==> Parameters: 
2019-04-05 11:57:37,756 DEBUG (BaseJdbcLogger.java:159)- <==      Total: 12
2019-04-05 11:57:59,379 DEBUG (BaseJdbcLogger.java:159)- ==>  Preparing: SELECT m.* FROM menu AS m,rolemenu AS rm WHERE m.mid=rm.mid AND rm.roleid=? AND m.pid IS NULL 
2019-04-05 11:57:59,380 DEBUG (BaseJdbcLogger.java:159)- ==> Parameters: 2(Integer)
2019-04-05 11:57:59,383 DEBUG (BaseJdbcLogger.java:159)- <==      Total: 4
2019-04-05 11:57:59,391 DEBUG (BaseJdbcLogger.java:159)- ==>  Preparing: SELECT m2.* FROM menu m1,menu m2 WHERE m1.mid=m2.pid AND m2.pid=? 
2019-04-05 11:57:59,392 DEBUG (BaseJdbcLogger.java:159)- ==> Parameters: 4(Integer)
2019-04-05 11:57:59,393 DEBUG (BaseJdbcLogger.java:159)- <==      Total: 1
2019-04-05 11:57:59,396 DEBUG (BaseJdbcLogger.java:159)- ==>  Preparing: SELECT m2.* FROM menu m1,menu m2 WHERE m1.mid=m2.pid AND m2.pid=? 
2019-04-05 11:57:59,396 DEBUG (BaseJdbcLogger.java:159)- ==> Parameters: 5(Integer)
2019-04-05 11:57:59,397 DEBUG (BaseJdbcLogger.java:159)- <==      Total: 2
2019-04-05 11:57:59,400 DEBUG (BaseJdbcLogger.java:159)- ==>  Preparing: SELECT m2.* FROM menu m1,menu m2 WHERE m1.mid=m2.pid AND m2.pid=? 
2019-04-05 11:57:59,400 DEBUG (BaseJdbcLogger.java:159)- ==> Parameters: 6(Integer)
2019-04-05 11:57:59,401 DEBUG (BaseJdbcLogger.java:159)- <==      Total: 2
2019-04-05 11:57:59,405 DEBUG (BaseJdbcLogger.java:159)- ==>  Preparing: SELECT m2.* FROM menu m1,menu m2 WHERE m1.mid=m2.pid AND m2.pid=? 
2019-04-05 11:57:59,406 DEBUG (BaseJdbcLogger.java:159)- ==> Parameters: 9(Integer)
2019-04-05 11:57:59,406 DEBUG (BaseJdbcLogger.java:159)- <==      Total: 2
2019-04-05 11:59:00,134 DEBUG (BaseJdbcLogger.java:159)- ==>  Preparing: SELECT m.* FROM menu AS m,rolemenu AS rm WHERE m.mid=rm.mid AND rm.roleid=? AND m.pid IS NULL 
2019-04-05 11:59:00,135 DEBUG (BaseJdbcLogger.java:159)- ==> Parameters: 2(Integer)
2019-04-05 11:59:00,136 DEBUG (BaseJdbcLogger.java:159)- <==      Total: 4
2019-04-05 11:59:00,138 DEBUG (BaseJdbcLogger.java:159)- ==>  Preparing: SELECT m2.* FROM menu m1,menu m2 WHERE m1.mid=m2.pid AND m2.pid=? 
2019-04-05 11:59:00,139 DEBUG (BaseJdbcLogger.java:159)- ==> Parameters: 4(Integer)
2019-04-05 11:59:00,139 DEBUG (BaseJdbcLogger.java:159)- <==      Total: 1
2019-04-05 11:59:00,142 DEBUG (BaseJdbcLogger.java:159)- ==>  Preparing: SELECT m2.* FROM menu m1,menu m2 WHERE m1.mid=m2.pid AND m2.pid=? 
2019-04-05 11:59:00,143 DEBUG (BaseJdbcLogger.java:159)- ==> Parameters: 5(Integer)
2019-04-05 11:59:00,143 DEBUG (BaseJdbcLogger.java:159)- <==      Total: 2
2019-04-05 11:59:00,146 DEBUG (BaseJdbcLogger.java:159)- ==>  Preparing: SELECT m2.* FROM menu m1,menu m2 WHERE m1.mid=m2.pid AND m2.pid=? 
2019-04-05 11:59:00,146 DEBUG (BaseJdbcLogger.java:159)- ==> Parameters: 6(Integer)
2019-04-05 11:59:00,147 DEBUG (BaseJdbcLogger.java:159)- <==      Total: 2
2019-04-05 11:59:00,149 DEBUG (BaseJdbcLogger.java:159)- ==>  Preparing: SELECT m2.* FROM menu m1,menu m2 WHERE m1.mid=m2.pid AND m2.pid=? 
2019-04-05 11:59:00,150 DEBUG (BaseJdbcLogger.java:159)- ==> Parameters: 9(Integer)
2019-04-05 11:59:00,150 DEBUG (BaseJdbcLogger.java:159)- <==      Total: 2
2019-04-05 12:17:26,810 DEBUG (BaseJdbcLogger.java:159)- ==>  Preparing: SELECT m.* FROM menu AS m,rolemenu AS rm WHERE m.mid=rm.mid AND rm.roleid=? AND m.pid IS NULL 
2019-04-05 12:17:26,810 DEBUG (BaseJdbcLogger.java:159)- ==> Parameters: 2(Integer)
2019-04-05 12:17:26,812 DEBUG (BaseJdbcLogger.java:159)- <==      Total: 4
2019-04-05 12:17:26,815 DEBUG (BaseJdbcLogger.java:159)- ==>  Preparing: SELECT m2.* FROM menu m1,menu m2 WHERE m1.mid=m2.pid AND m2.pid=? 
2019-04-05 12:17:26,815 DEBUG (BaseJdbcLogger.java:159)- ==> Parameters: 4(Integer)
2019-04-05 12:17:26,817 DEBUG (BaseJdbcLogger.java:159)- <==      Total: 1
2019-04-05 12:17:26,819 DEBUG (BaseJdbcLogger.java:159)- ==>  Preparing: SELECT m2.* FROM menu m1,menu m2 WHERE m1.mid=m2.pid AND m2.pid=? 
2019-04-05 12:17:26,820 DEBUG (BaseJdbcLogger.java:159)- ==> Parameters: 5(Integer)
2019-04-05 12:17:26,820 DEBUG (BaseJdbcLogger.java:159)- <==      Total: 2
2019-04-05 12:17:26,823 DEBUG (BaseJdbcLogger.java:159)- ==>  Preparing: SELECT m2.* FROM menu m1,menu m2 WHERE m1.mid=m2.pid AND m2.pid=? 
2019-04-05 12:17:26,823 DEBUG (BaseJdbcLogger.java:159)- ==> Parameters: 6(Integer)
2019-04-05 12:17:26,824 DEBUG (BaseJdbcLogger.java:159)- <==      Total: 2
2019-04-05 12:17:26,826 DEBUG (BaseJdbcLogger.java:159)- ==>  Preparing: SELECT m2.* FROM menu m1,menu m2 WHERE m1.mid=m2.pid AND m2.pid=? 
2019-04-05 12:17:26,827 DEBUG (BaseJdbcLogger.java:159)- ==> Parameters: 9(Integer)
2019-04-05 12:17:26,827 DEBUG (BaseJdbcLogger.java:159)- <==      Total: 2
2019-04-05 12:17:33,242 DEBUG (BaseJdbcLogger.java:159)- ==>  Preparing: SELECT m.* FROM menu AS m,rolemenu AS rm WHERE m.mid=rm.mid AND rm.roleid=? AND m.pid IS NULL 
2019-04-05 12:17:33,242 DEBUG (BaseJdbcLogger.java:159)- ==> Parameters: 2(Integer)
2019-04-05 12:17:33,243 DEBUG (BaseJdbcLogger.java:159)- <==      Total: 4
2019-04-05 12:17:33,245 DEBUG (BaseJdbcLogger.java:159)- ==>  Preparing: SELECT m2.* FROM menu m1,menu m2 WHERE m1.mid=m2.pid AND m2.pid=? 
2019-04-05 12:17:33,246 DEBUG (BaseJdbcLogger.java:159)- ==> Parameters: 4(Integer)
2019-04-05 12:17:33,246 DEBUG (BaseJdbcLogger.java:159)- <==      Total: 1
2019-04-05 12:17:33,249 DEBUG (BaseJdbcLogger.java:159)- ==>  Preparing: SELECT m2.* FROM menu m1,menu m2 WHERE m1.mid=m2.pid AND m2.pid=? 
2019-04-05 12:17:33,249 DEBUG (BaseJdbcLogger.java:159)- ==> Parameters: 5(Integer)
2019-04-05 12:17:33,250 DEBUG (BaseJdbcLogger.java:159)- <==      Total: 2
2019-04-05 12:17:33,252 DEBUG (BaseJdbcLogger.java:159)- ==>  Preparing: SELECT m2.* FROM menu m1,menu m2 WHERE m1.mid=m2.pid AND m2.pid=? 
2019-04-05 12:17:33,252 DEBUG (BaseJdbcLogger.java:159)- ==> Parameters: 6(Integer)
2019-04-05 12:17:33,253 DEBUG (BaseJdbcLogger.java:159)- <==      Total: 2
2019-04-05 12:17:33,256 DEBUG (BaseJdbcLogger.java:159)- ==>  Preparing: SELECT m2.* FROM menu m1,menu m2 WHERE m1.mid=m2.pid AND m2.pid=? 
2019-04-05 12:17:33,256 DEBUG (BaseJdbcLogger.java:159)- ==> Parameters: 9(Integer)
2019-04-05 12:17:33,257 DEBUG (BaseJdbcLogger.java:159)- <==      Total: 2
2019-04-05 12:18:15,180 DEBUG (BaseJdbcLogger.java:159)- ==>  Preparing: SELECT m.* FROM menu AS m,rolemenu AS rm WHERE m.mid=rm.mid AND rm.roleid=? AND m.pid IS NULL 
2019-04-05 12:18:15,180 DEBUG (BaseJdbcLogger.java:159)- ==> Parameters: 2(Integer)
2019-04-05 12:18:15,181 DEBUG (BaseJdbcLogger.java:159)- <==      Total: 4
2019-04-05 12:18:15,183 DEBUG (BaseJdbcLogger.java:159)- ==>  Preparing: SELECT m2.* FROM menu m1,menu m2 WHERE m1.mid=m2.pid AND m2.pid=? 
2019-04-05 12:18:15,184 DEBUG (BaseJdbcLogger.java:159)- ==> Parameters: 4(Integer)
2019-04-05 12:18:15,185 DEBUG (BaseJdbcLogger.java:159)- <==      Total: 1
2019-04-05 12:18:15,187 DEBUG (BaseJdbcLogger.java:159)- ==>  Preparing: SELECT m2.* FROM menu m1,menu m2 WHERE m1.mid=m2.pid AND m2.pid=? 
2019-04-05 12:18:15,187 DEBUG (BaseJdbcLogger.java:159)- ==> Parameters: 5(Integer)
2019-04-05 12:18:15,188 DEBUG (BaseJdbcLogger.java:159)- <==      Total: 2
2019-04-05 12:18:15,191 DEBUG (BaseJdbcLogger.java:159)- ==>  Preparing: SELECT m2.* FROM menu m1,menu m2 WHERE m1.mid=m2.pid AND m2.pid=? 
2019-04-05 12:18:15,192 DEBUG (BaseJdbcLogger.java:159)- ==> Parameters: 6(Integer)
2019-04-05 12:18:15,192 DEBUG (BaseJdbcLogger.java:159)- <==      Total: 2
2019-04-05 12:18:15,195 DEBUG (BaseJdbcLogger.java:159)- ==>  Preparing: SELECT m2.* FROM menu m1,menu m2 WHERE m1.mid=m2.pid AND m2.pid=? 
2019-04-05 12:18:15,195 DEBUG (BaseJdbcLogger.java:159)- ==> Parameters: 9(Integer)
2019-04-05 12:18:15,196 DEBUG (BaseJdbcLogger.java:159)- <==      Total: 2
2019-04-05 12:19:17,329 DEBUG (BaseJdbcLogger.java:159)- ==>  Preparing: SELECT m.* FROM menu AS m,rolemenu AS rm WHERE m.mid=rm.mid AND rm.roleid=? AND m.pid IS NULL 
2019-04-05 12:19:17,329 DEBUG (BaseJdbcLogger.java:159)- ==> Parameters: 2(Integer)
2019-04-05 12:19:17,330 DEBUG (BaseJdbcLogger.java:159)- <==      Total: 4
2019-04-05 12:19:17,332 DEBUG (BaseJdbcLogger.java:159)- ==>  Preparing: SELECT m2.* FROM menu m1,menu m2 WHERE m1.mid=m2.pid AND m2.pid=? 
2019-04-05 12:19:17,332 DEBUG (BaseJdbcLogger.java:159)- ==> Parameters: 4(Integer)
2019-04-05 12:19:17,333 DEBUG (BaseJdbcLogger.java:159)- <==      Total: 1
2019-04-05 12:19:17,335 DEBUG (BaseJdbcLogger.java:159)- ==>  Preparing: SELECT m2.* FROM menu m1,menu m2 WHERE m1.mid=m2.pid AND m2.pid=? 
2019-04-05 12:19:17,335 DEBUG (BaseJdbcLogger.java:159)- ==> Parameters: 5(Integer)
2019-04-05 12:19:17,336 DEBUG (BaseJdbcLogger.java:159)- <==      Total: 2
2019-04-05 12:19:17,338 DEBUG (BaseJdbcLogger.java:159)- ==>  Preparing: SELECT m2.* FROM menu m1,menu m2 WHERE m1.mid=m2.pid AND m2.pid=? 
2019-04-05 12:19:17,339 DEBUG (BaseJdbcLogger.java:159)- ==> Parameters: 6(Integer)
2019-04-05 12:19:17,339 DEBUG (BaseJdbcLogger.java:159)- <==      Total: 2
2019-04-05 12:19:17,341 DEBUG (BaseJdbcLogger.java:159)- ==>  Preparing: SELECT m2.* FROM menu m1,menu m2 WHERE m1.mid=m2.pid AND m2.pid=? 
2019-04-05 12:19:17,342 DEBUG (BaseJdbcLogger.java:159)- ==> Parameters: 9(Integer)
2019-04-05 12:19:17,343 DEBUG (BaseJdbcLogger.java:159)- <==      Total: 2
2019-04-05 12:22:22,289 DEBUG (BaseJdbcLogger.java:159)- ==>  Preparing: SELECT m.* FROM menu AS m,rolemenu AS rm WHERE m.mid=rm.mid AND rm.roleid=? AND m.pid IS NULL 
2019-04-05 12:22:22,290 DEBUG (BaseJdbcLogger.java:159)- ==> Parameters: 2(Integer)
2019-04-05 12:22:22,291 DEBUG (BaseJdbcLogger.java:159)- <==      Total: 4
2019-04-05 12:22:22,293 DEBUG (BaseJdbcLogger.java:159)- ==>  Preparing: SELECT m2.* FROM menu m1,menu m2 WHERE m1.mid=m2.pid AND m2.pid=? 
2019-04-05 12:22:22,293 DEBUG (BaseJdbcLogger.java:159)- ==> Parameters: 4(Integer)
2019-04-05 12:22:22,294 DEBUG (BaseJdbcLogger.java:159)- <==      Total: 1
2019-04-05 12:22:22,297 DEBUG (BaseJdbcLogger.java:159)- ==>  Preparing: SELECT m2.* FROM menu m1,menu m2 WHERE m1.mid=m2.pid AND m2.pid=? 
2019-04-05 12:22:22,297 DEBUG (BaseJdbcLogger.java:159)- ==> Parameters: 5(Integer)
2019-04-05 12:22:22,297 DEBUG (BaseJdbcLogger.java:159)- <==      Total: 2
2019-04-05 12:22:22,300 DEBUG (BaseJdbcLogger.java:159)- ==>  Preparing: SELECT m2.* FROM menu m1,menu m2 WHERE m1.mid=m2.pid AND m2.pid=? 
2019-04-05 12:22:22,300 DEBUG (BaseJdbcLogger.java:159)- ==> Parameters: 6(Integer)
2019-04-05 12:22:22,301 DEBUG (BaseJdbcLogger.java:159)- <==      Total: 2
2019-04-05 12:22:22,303 DEBUG (BaseJdbcLogger.java:159)- ==>  Preparing: SELECT m2.* FROM menu m1,menu m2 WHERE m1.mid=m2.pid AND m2.pid=? 
2019-04-05 12:22:22,303 DEBUG (BaseJdbcLogger.java:159)- ==> Parameters: 9(Integer)
2019-04-05 12:22:22,304 DEBUG (BaseJdbcLogger.java:159)- <==      Total: 2
2019-04-05 13:03:21,701 DEBUG (BaseJdbcLogger.java:159)- ==>  Preparing: SELECT m.* FROM menu AS m,rolemenu AS rm WHERE m.mid=rm.mid AND rm.roleid=? AND m.pid IS NULL 
2019-04-05 13:03:21,701 DEBUG (BaseJdbcLogger.java:159)- ==> Parameters: 2(Integer)
2019-04-05 13:03:21,703 DEBUG (BaseJdbcLogger.java:159)- <==      Total: 4
2019-04-05 13:03:21,706 DEBUG (BaseJdbcLogger.java:159)- ==>  Preparing: SELECT m2.* FROM menu m1,menu m2 WHERE m1.mid=m2.pid AND m2.pid=? 
2019-04-05 13:03:21,706 DEBUG (BaseJdbcLogger.java:159)- ==> Parameters: 4(Integer)
2019-04-05 13:03:21,707 DEBUG (BaseJdbcLogger.java:159)- <==      Total: 1
2019-04-05 13:03:21,710 DEBUG (BaseJdbcLogger.java:159)- ==>  Preparing: SELECT m2.* FROM menu m1,menu m2 WHERE m1.mid=m2.pid AND m2.pid=? 
2019-04-05 13:03:21,710 DEBUG (BaseJdbcLogger.java:159)- ==> Parameters: 5(Integer)
2019-04-05 13:03:21,711 DEBUG (BaseJdbcLogger.java:159)- <==      Total: 2
2019-04-05 13:03:21,713 DEBUG (BaseJdbcLogger.java:159)- ==>  Preparing: SELECT m2.* FROM menu m1,menu m2 WHERE m1.mid=m2.pid AND m2.pid=? 
2019-04-05 13:03:21,713 DEBUG (BaseJdbcLogger.java:159)- ==> Parameters: 6(Integer)
2019-04-05 13:03:21,714 DEBUG (BaseJdbcLogger.java:159)- <==      Total: 2
2019-04-05 13:03:21,716 DEBUG (BaseJdbcLogger.java:159)- ==>  Preparing: SELECT m2.* FROM menu m1,menu m2 WHERE m1.mid=m2.pid AND m2.pid=? 
2019-04-05 13:03:21,716 DEBUG (BaseJdbcLogger.java:159)- ==> Parameters: 9(Integer)
2019-04-05 13:03:21,717 DEBUG (BaseJdbcLogger.java:159)- <==      Total: 2
2019-04-05 13:05:30,880 DEBUG (BaseJdbcLogger.java:159)- ==>  Preparing: SELECT m.* FROM menu AS m,rolemenu AS rm WHERE m.mid=rm.mid AND rm.roleid=? AND m.pid IS NULL 
2019-04-05 13:05:30,881 DEBUG (BaseJdbcLogger.java:159)- ==> Parameters: 2(Integer)
2019-04-05 13:05:30,882 DEBUG (BaseJdbcLogger.java:159)- <==      Total: 4
2019-04-05 13:05:30,884 DEBUG (BaseJdbcLogger.java:159)- ==>  Preparing: SELECT m2.* FROM menu m1,menu m2 WHERE m1.mid=m2.pid AND m2.pid=? 
2019-04-05 13:05:30,884 DEBUG (BaseJdbcLogger.java:159)- ==> Parameters: 4(Integer)
2019-04-05 13:05:30,885 DEBUG (BaseJdbcLogger.java:159)- <==      Total: 1
2019-04-05 13:05:30,887 DEBUG (BaseJdbcLogger.java:159)- ==>  Preparing: SELECT m2.* FROM menu m1,menu m2 WHERE m1.mid=m2.pid AND m2.pid=? 
2019-04-05 13:05:30,887 DEBUG (BaseJdbcLogger.java:159)- ==> Parameters: 5(Integer)
2019-04-05 13:05:30,888 DEBUG (BaseJdbcLogger.java:159)- <==      Total: 2
2019-04-05 13:05:30,890 DEBUG (BaseJdbcLogger.java:159)- ==>  Preparing: SELECT m2.* FROM menu m1,menu m2 WHERE m1.mid=m2.pid AND m2.pid=? 
2019-04-05 13:05:30,891 DEBUG (BaseJdbcLogger.java:159)- ==> Parameters: 6(Integer)
2019-04-05 13:05:30,891 DEBUG (BaseJdbcLogger.java:159)- <==      Total: 2
2019-04-05 13:05:30,894 DEBUG (BaseJdbcLogger.java:159)- ==>  Preparing: SELECT m2.* FROM menu m1,menu m2 WHERE m1.mid=m2.pid AND m2.pid=? 
2019-04-05 13:05:30,894 DEBUG (BaseJdbcLogger.java:159)- ==> Parameters: 9(Integer)
2019-04-05 13:05:30,894 DEBUG (BaseJdbcLogger.java:159)- <==      Total: 2
2019-04-05 13:05:34,177 DEBUG (BaseJdbcLogger.java:159)- ==>  Preparing: SELECT m.* FROM menu AS m,rolemenu AS rm WHERE m.mid=rm.mid AND rm.roleid=? AND m.pid IS NULL 
2019-04-05 13:05:34,177 DEBUG (BaseJdbcLogger.java:159)- ==> Parameters: 2(Integer)
2019-04-05 13:05:34,178 DEBUG (BaseJdbcLogger.java:159)- <==      Total: 4
2019-04-05 13:05:34,180 DEBUG (BaseJdbcLogger.java:159)- ==>  Preparing: SELECT m2.* FROM menu m1,menu m2 WHERE m1.mid=m2.pid AND m2.pid=? 
2019-04-05 13:05:34,180 DEBUG (BaseJdbcLogger.java:159)- ==> Parameters: 4(Integer)
2019-04-05 13:05:34,181 DEBUG (BaseJdbcLogger.java:159)- <==      Total: 1
2019-04-05 13:05:34,183 DEBUG (BaseJdbcLogger.java:159)- ==>  Preparing: SELECT m2.* FROM menu m1,menu m2 WHERE m1.mid=m2.pid AND m2.pid=? 
2019-04-05 13:05:34,183 DEBUG (BaseJdbcLogger.java:159)- ==> Parameters: 5(Integer)
2019-04-05 13:05:34,184 DEBUG (BaseJdbcLogger.java:159)- <==      Total: 2
2019-04-05 13:05:34,186 DEBUG (BaseJdbcLogger.java:159)- ==>  Preparing: SELECT m2.* FROM menu m1,menu m2 WHERE m1.mid=m2.pid AND m2.pid=? 
2019-04-05 13:05:34,186 DEBUG (BaseJdbcLogger.java:159)- ==> Parameters: 6(Integer)
2019-04-05 13:05:34,187 DEBUG (BaseJdbcLogger.java:159)- <==      Total: 2
2019-04-05 13:05:34,189 DEBUG (BaseJdbcLogger.java:159)- ==>  Preparing: SELECT m2.* FROM menu m1,menu m2 WHERE m1.mid=m2.pid AND m2.pid=? 
2019-04-05 13:05:34,189 DEBUG (BaseJdbcLogger.java:159)- ==> Parameters: 9(Integer)
2019-04-05 13:05:34,190 DEBUG (BaseJdbcLogger.java:159)- <==      Total: 2
2019-04-05 13:06:01,553 DEBUG (BaseJdbcLogger.java:159)- ==>  Preparing: SELECT m.* FROM menu AS m,rolemenu AS rm WHERE m.mid=rm.mid AND rm.roleid=? AND m.pid IS NULL 
2019-04-05 13:06:01,553 DEBUG (BaseJdbcLogger.java:159)- ==> Parameters: 2(Integer)
2019-04-05 13:06:01,555 DEBUG (BaseJdbcLogger.java:159)- <==      Total: 4
2019-04-05 13:06:01,558 DEBUG (BaseJdbcLogger.java:159)- ==>  Preparing: SELECT m2.* FROM menu m1,menu m2 WHERE m1.mid=m2.pid AND m2.pid=? 
2019-04-05 13:06:01,558 DEBUG (BaseJdbcLogger.java:159)- ==> Parameters: 4(Integer)
2019-04-05 13:06:01,559 DEBUG (BaseJdbcLogger.java:159)- <==      Total: 1
2019-04-05 13:06:01,563 DEBUG (BaseJdbcLogger.java:159)- ==>  Preparing: SELECT m2.* FROM menu m1,menu m2 WHERE m1.mid=m2.pid AND m2.pid=? 
2019-04-05 13:06:01,564 DEBUG (BaseJdbcLogger.java:159)- ==> Parameters: 5(Integer)
2019-04-05 13:06:01,564 DEBUG (BaseJdbcLogger.java:159)- <==      Total: 2
2019-04-05 13:06:01,567 DEBUG (BaseJdbcLogger.java:159)- ==>  Preparing: SELECT m2.* FROM menu m1,menu m2 WHERE m1.mid=m2.pid AND m2.pid=? 
2019-04-05 13:06:01,567 DEBUG (BaseJdbcLogger.java:159)- ==> Parameters: 6(Integer)
2019-04-05 13:06:01,568 DEBUG (BaseJdbcLogger.java:159)- <==      Total: 2
2019-04-05 13:06:01,570 DEBUG (BaseJdbcLogger.java:159)- ==>  Preparing: SELECT m2.* FROM menu m1,menu m2 WHERE m1.mid=m2.pid AND m2.pid=? 
2019-04-05 13:06:01,571 DEBUG (BaseJdbcLogger.java:159)- ==> Parameters: 9(Integer)
2019-04-05 13:06:01,571 DEBUG (BaseJdbcLogger.java:159)- <==      Total: 2
2019-04-05 13:07:13,955 DEBUG (BaseJdbcLogger.java:159)- ==>  Preparing: SELECT m.* FROM menu AS m,rolemenu AS rm WHERE m.mid=rm.mid AND rm.roleid=? AND m.pid IS NULL 
2019-04-05 13:07:13,956 DEBUG (BaseJdbcLogger.java:159)- ==> Parameters: 2(Integer)
2019-04-05 13:07:13,958 DEBUG (BaseJdbcLogger.java:159)- <==      Total: 4
2019-04-05 13:07:13,964 DEBUG (BaseJdbcLogger.java:159)- ==>  Preparing: SELECT m2.* FROM menu m1,menu m2 WHERE m1.mid=m2.pid AND m2.pid=? 
2019-04-05 13:07:13,965 DEBUG (BaseJdbcLogger.java:159)- ==> Parameters: 4(Integer)
2019-04-05 13:07:13,967 DEBUG (BaseJdbcLogger.java:159)- <==      Total: 1
2019-04-05 13:07:13,970 DEBUG (BaseJdbcLogger.java:159)- ==>  Preparing: SELECT m2.* FROM menu m1,menu m2 WHERE m1.mid=m2.pid AND m2.pid=? 
2019-04-05 13:07:13,970 DEBUG (BaseJdbcLogger.java:159)- ==> Parameters: 5(Integer)
2019-04-05 13:07:13,971 DEBUG (BaseJdbcLogger.java:159)- <==      Total: 2
2019-04-05 13:07:13,973 DEBUG (BaseJdbcLogger.java:159)- ==>  Preparing: SELECT m2.* FROM menu m1,menu m2 WHERE m1.mid=m2.pid AND m2.pid=? 
2019-04-05 13:07:13,973 DEBUG (BaseJdbcLogger.java:159)- ==> Parameters: 6(Integer)
2019-04-05 13:07:13,974 DEBUG (BaseJdbcLogger.java:159)- <==      Total: 2
2019-04-05 13:07:13,976 DEBUG (BaseJdbcLogger.java:159)- ==>  Preparing: SELECT m2.* FROM menu m1,menu m2 WHERE m1.mid=m2.pid AND m2.pid=? 
2019-04-05 13:07:13,976 DEBUG (BaseJdbcLogger.java:159)- ==> Parameters: 9(Integer)
2019-04-05 13:07:13,977 DEBUG (BaseJdbcLogger.java:159)- <==      Total: 2
2019-04-05 13:07:21,356 DEBUG (BaseJdbcLogger.java:159)- ==>  Preparing: SELECT m.* FROM menu AS m,rolemenu AS rm WHERE m.mid=rm.mid AND rm.roleid=? AND m.pid IS NULL 
2019-04-05 13:07:21,358 DEBUG (BaseJdbcLogger.java:159)- ==> Parameters: 2(Integer)
2019-04-05 13:07:21,361 DEBUG (BaseJdbcLogger.java:159)- <==      Total: 4
2019-04-05 13:07:21,370 DEBUG (BaseJdbcLogger.java:159)- ==>  Preparing: SELECT m2.* FROM menu m1,menu m2 WHERE m1.mid=m2.pid AND m2.pid=? 
2019-04-05 13:07:21,371 DEBUG (BaseJdbcLogger.java:159)- ==> Parameters: 4(Integer)
2019-04-05 13:07:21,372 DEBUG (BaseJdbcLogger.java:159)- <==      Total: 1
2019-04-05 13:07:21,382 DEBUG (BaseJdbcLogger.java:159)- ==>  Preparing: SELECT m2.* FROM menu m1,menu m2 WHERE m1.mid=m2.pid AND m2.pid=? 
2019-04-05 13:07:21,382 DEBUG (BaseJdbcLogger.java:159)- ==> Parameters: 5(Integer)
2019-04-05 13:07:21,383 DEBUG (BaseJdbcLogger.java:159)- <==      Total: 2
2019-04-05 13:07:21,386 DEBUG (BaseJdbcLogger.java:159)- ==>  Preparing: SELECT m2.* FROM menu m1,menu m2 WHERE m1.mid=m2.pid AND m2.pid=? 
2019-04-05 13:07:21,386 DEBUG (BaseJdbcLogger.java:159)- ==> Parameters: 6(Integer)
2019-04-05 13:07:21,387 DEBUG (BaseJdbcLogger.java:159)- <==      Total: 2
2019-04-05 13:07:21,395 DEBUG (BaseJdbcLogger.java:159)- ==>  Preparing: SELECT m2.* FROM menu m1,menu m2 WHERE m1.mid=m2.pid AND m2.pid=? 
2019-04-05 13:07:21,396 DEBUG (BaseJdbcLogger.java:159)- ==> Parameters: 9(Integer)
2019-04-05 13:07:21,398 DEBUG (BaseJdbcLogger.java:159)- <==      Total: 2
2019-04-05 13:07:28,234 DEBUG (BaseJdbcLogger.java:159)- ==>  Preparing: SELECT m.* FROM menu AS m,rolemenu AS rm WHERE m.mid=rm.mid AND rm.roleid=? AND m.pid IS NULL 
2019-04-05 13:07:28,235 DEBUG (BaseJdbcLogger.java:159)- ==> Parameters: 2(Integer)
2019-04-05 13:07:28,237 DEBUG (BaseJdbcLogger.java:159)- <==      Total: 4
2019-04-05 13:07:28,243 DEBUG (BaseJdbcLogger.java:159)- ==>  Preparing: SELECT m2.* FROM menu m1,menu m2 WHERE m1.mid=m2.pid AND m2.pid=? 
2019-04-05 13:07:28,244 DEBUG (BaseJdbcLogger.java:159)- ==> Parameters: 4(Integer)
2019-04-05 13:07:28,245 DEBUG (BaseJdbcLogger.java:159)- <==      Total: 1
2019-04-05 13:07:28,248 DEBUG (BaseJdbcLogger.java:159)- ==>  Preparing: SELECT m2.* FROM menu m1,menu m2 WHERE m1.mid=m2.pid AND m2.pid=? 
2019-04-05 13:07:28,248 DEBUG (BaseJdbcLogger.java:159)- ==> Parameters: 5(Integer)
2019-04-05 13:07:28,249 DEBUG (BaseJdbcLogger.java:159)- <==      Total: 2
2019-04-05 13:07:28,251 DEBUG (BaseJdbcLogger.java:159)- ==>  Preparing: SELECT m2.* FROM menu m1,menu m2 WHERE m1.mid=m2.pid AND m2.pid=? 
2019-04-05 13:07:28,251 DEBUG (BaseJdbcLogger.java:159)- ==> Parameters: 6(Integer)
2019-04-05 13:07:28,252 DEBUG (BaseJdbcLogger.java:159)- <==      Total: 2
2019-04-05 13:07:28,254 DEBUG (BaseJdbcLogger.java:159)- ==>  Preparing: SELECT m2.* FROM menu m1,menu m2 WHERE m1.mid=m2.pid AND m2.pid=? 
2019-04-05 13:07:28,255 DEBUG (BaseJdbcLogger.java:159)- ==> Parameters: 9(Integer)
2019-04-05 13:07:28,257 DEBUG (BaseJdbcLogger.java:159)- <==      Total: 2
2019-04-05 14:37:37,287 DEBUG (BaseJdbcLogger.java:159)- ==>  Preparing: SELECT m.* FROM menu AS m,rolemenu AS rm WHERE m.mid=rm.mid AND rm.roleid=? AND m.pid IS NULL 
2019-04-05 14:37:37,287 DEBUG (BaseJdbcLogger.java:159)- ==> Parameters: 2(Integer)
2019-04-05 14:37:37,290 DEBUG (BaseJdbcLogger.java:159)- <==      Total: 4
2019-04-05 14:37:37,293 DEBUG (BaseJdbcLogger.java:159)- ==>  Preparing: SELECT m2.* FROM menu m1,menu m2 WHERE m1.mid=m2.pid AND m2.pid=? 
2019-04-05 14:37:37,293 DEBUG (BaseJdbcLogger.java:159)- ==> Parameters: 4(Integer)
2019-04-05 14:37:37,295 DEBUG (BaseJdbcLogger.java:159)- <==      Total: 1
2019-04-05 14:37:37,299 DEBUG (BaseJdbcLogger.java:159)- ==>  Preparing: SELECT m2.* FROM menu m1,menu m2 WHERE m1.mid=m2.pid AND m2.pid=? 
2019-04-05 14:37:37,299 DEBUG (BaseJdbcLogger.java:159)- ==> Parameters: 5(Integer)
2019-04-05 14:37:37,301 DEBUG (BaseJdbcLogger.java:159)- <==      Total: 2
2019-04-05 14:37:37,304 DEBUG (BaseJdbcLogger.java:159)- ==>  Preparing: SELECT m2.* FROM menu m1,menu m2 WHERE m1.mid=m2.pid AND m2.pid=? 
2019-04-05 14:37:37,305 DEBUG (BaseJdbcLogger.java:159)- ==> Parameters: 6(Integer)
2019-04-05 14:37:37,305 DEBUG (BaseJdbcLogger.java:159)- <==      Total: 2
2019-04-05 14:37:37,308 DEBUG (BaseJdbcLogger.java:159)- ==>  Preparing: SELECT m2.* FROM menu m1,menu m2 WHERE m1.mid=m2.pid AND m2.pid=? 
2019-04-05 14:37:37,308 DEBUG (BaseJdbcLogger.java:159)- ==> Parameters: 9(Integer)
2019-04-05 14:37:37,309 DEBUG (BaseJdbcLogger.java:159)- <==      Total: 2
2019-04-05 14:38:24,437 DEBUG (BaseJdbcLogger.java:159)- ==>  Preparing: SELECT m.* FROM menu AS m,rolemenu AS rm WHERE m.mid=rm.mid AND rm.roleid=? AND m.pid IS NULL 
2019-04-05 14:38:24,439 DEBUG (BaseJdbcLogger.java:159)- ==> Parameters: 2(Integer)
2019-04-05 14:38:24,440 DEBUG (BaseJdbcLogger.java:159)- <==      Total: 4
2019-04-05 14:38:24,443 DEBUG (BaseJdbcLogger.java:159)- ==>  Preparing: SELECT m2.* FROM menu m1,menu m2 WHERE m1.mid=m2.pid AND m2.pid=? 
2019-04-05 14:38:24,443 DEBUG (BaseJdbcLogger.java:159)- ==> Parameters: 4(Integer)
2019-04-05 14:38:24,557 DEBUG (BaseJdbcLogger.java:159)- <==      Total: 1
2019-04-05 14:38:24,560 DEBUG (BaseJdbcLogger.java:159)- ==>  Preparing: SELECT m2.* FROM menu m1,menu m2 WHERE m1.mid=m2.pid AND m2.pid=? 
2019-04-05 14:38:24,560 DEBUG (BaseJdbcLogger.java:159)- ==> Parameters: 5(Integer)
2019-04-05 14:38:24,561 DEBUG (BaseJdbcLogger.java:159)- <==      Total: 2
2019-04-05 14:38:24,563 DEBUG (BaseJdbcLogger.java:159)- ==>  Preparing: SELECT m2.* FROM menu m1,menu m2 WHERE m1.mid=m2.pid AND m2.pid=? 
2019-04-05 14:38:24,563 DEBUG (BaseJdbcLogger.java:159)- ==> Parameters: 6(Integer)
2019-04-05 14:38:24,564 DEBUG (BaseJdbcLogger.java:159)- <==      Total: 2
2019-04-05 14:38:24,566 DEBUG (BaseJdbcLogger.java:159)- ==>  Preparing: SELECT m2.* FROM menu m1,menu m2 WHERE m1.mid=m2.pid AND m2.pid=? 
2019-04-05 14:38:24,567 DEBUG (BaseJdbcLogger.java:159)- ==> Parameters: 9(Integer)
2019-04-05 14:38:24,567 DEBUG (BaseJdbcLogger.java:159)- <==      Total: 2
2019-04-05 14:38:40,424 DEBUG (BaseJdbcLogger.java:159)- ==>  Preparing: SELECT m.* FROM menu AS m,rolemenu AS rm WHERE m.mid=rm.mid AND rm.roleid=? AND m.pid IS NULL 
2019-04-05 14:38:40,425 DEBUG (BaseJdbcLogger.java:159)- ==> Parameters: 2(Integer)
2019-04-05 14:38:40,427 DEBUG (BaseJdbcLogger.java:159)- <==      Total: 4
2019-04-05 14:38:40,431 DEBUG (BaseJdbcLogger.java:159)- ==>  Preparing: SELECT m2.* FROM menu m1,menu m2 WHERE m1.mid=m2.pid AND m2.pid=? 
2019-04-05 14:38:40,432 DEBUG (BaseJdbcLogger.java:159)- ==> Parameters: 4(Integer)
2019-04-05 14:38:40,432 DEBUG (BaseJdbcLogger.java:159)- <==      Total: 1
2019-04-05 14:38:40,434 DEBUG (BaseJdbcLogger.java:159)- ==>  Preparing: SELECT m2.* FROM menu m1,menu m2 WHERE m1.mid=m2.pid AND m2.pid=? 
2019-04-05 14:38:40,435 DEBUG (BaseJdbcLogger.java:159)- ==> Parameters: 5(Integer)
2019-04-05 14:38:40,436 DEBUG (BaseJdbcLogger.java:159)- <==      Total: 2
2019-04-05 14:38:40,442 DEBUG (BaseJdbcLogger.java:159)- ==>  Preparing: SELECT m2.* FROM menu m1,menu m2 WHERE m1.mid=m2.pid AND m2.pid=? 
2019-04-05 14:38:40,442 DEBUG (BaseJdbcLogger.java:159)- ==> Parameters: 6(Integer)
2019-04-05 14:38:40,444 DEBUG (BaseJdbcLogger.java:159)- <==      Total: 2
2019-04-05 14:38:40,446 DEBUG (BaseJdbcLogger.java:159)- ==>  Preparing: SELECT m2.* FROM menu m1,menu m2 WHERE m1.mid=m2.pid AND m2.pid=? 
2019-04-05 14:38:40,446 DEBUG (BaseJdbcLogger.java:159)- ==> Parameters: 9(Integer)
2019-04-05 14:38:40,447 DEBUG (BaseJdbcLogger.java:159)- <==      Total: 2
2019-04-05 14:39:07,178 DEBUG (BaseJdbcLogger.java:159)- ==>  Preparing: SELECT m.* FROM menu AS m,rolemenu AS rm WHERE m.mid=rm.mid AND rm.roleid=? AND m.pid IS NULL 
2019-04-05 14:39:07,179 DEBUG (BaseJdbcLogger.java:159)- ==> Parameters: 2(Integer)
2019-04-05 14:39:07,181 DEBUG (BaseJdbcLogger.java:159)- <==      Total: 4
2019-04-05 14:39:07,184 DEBUG (BaseJdbcLogger.java:159)- ==>  Preparing: SELECT m2.* FROM menu m1,menu m2 WHERE m1.mid=m2.pid AND m2.pid=? 
2019-04-05 14:39:07,185 DEBUG (BaseJdbcLogger.java:159)- ==> Parameters: 4(Integer)
2019-04-05 14:39:07,185 DEBUG (BaseJdbcLogger.java:159)- <==      Total: 1
2019-04-05 14:39:07,188 DEBUG (BaseJdbcLogger.java:159)- ==>  Preparing: SELECT m2.* FROM menu m1,menu m2 WHERE m1.mid=m2.pid AND m2.pid=? 
2019-04-05 14:39:07,188 DEBUG (BaseJdbcLogger.java:159)- ==> Parameters: 5(Integer)
2019-04-05 14:39:07,189 DEBUG (BaseJdbcLogger.java:159)- <==      Total: 2
2019-04-05 14:39:07,191 DEBUG (BaseJdbcLogger.java:159)- ==>  Preparing: SELECT m2.* FROM menu m1,menu m2 WHERE m1.mid=m2.pid AND m2.pid=? 
2019-04-05 14:39:07,191 DEBUG (BaseJdbcLogger.java:159)- ==> Parameters: 6(Integer)
2019-04-05 14:39:07,192 DEBUG (BaseJdbcLogger.java:159)- <==      Total: 2
2019-04-05 14:39:07,196 DEBUG (BaseJdbcLogger.java:159)- ==>  Preparing: SELECT m2.* FROM menu m1,menu m2 WHERE m1.mid=m2.pid AND m2.pid=? 
2019-04-05 14:39:07,196 DEBUG (BaseJdbcLogger.java:159)- ==> Parameters: 9(Integer)
2019-04-05 14:39:07,197 DEBUG (BaseJdbcLogger.java:159)- <==      Total: 2
2019-04-05 14:40:46,400 DEBUG (BaseJdbcLogger.java:159)- ==>  Preparing: SELECT m.* FROM menu AS m,rolemenu AS rm WHERE m.mid=rm.mid AND rm.roleid=? AND m.pid IS NULL 
2019-04-05 14:40:46,401 DEBUG (BaseJdbcLogger.java:159)- ==> Parameters: 2(Integer)
2019-04-05 14:40:46,401 DEBUG (BaseJdbcLogger.java:159)- <==      Total: 4
2019-04-05 14:40:46,404 DEBUG (BaseJdbcLogger.java:159)- ==>  Preparing: SELECT m2.* FROM menu m1,menu m2 WHERE m1.mid=m2.pid AND m2.pid=? 
2019-04-05 14:40:46,404 DEBUG (BaseJdbcLogger.java:159)- ==> Parameters: 4(Integer)
2019-04-05 14:40:46,405 DEBUG (BaseJdbcLogger.java:159)- <==      Total: 1
2019-04-05 14:40:46,407 DEBUG (BaseJdbcLogger.java:159)- ==>  Preparing: SELECT m2.* FROM menu m1,menu m2 WHERE m1.mid=m2.pid AND m2.pid=? 
2019-04-05 14:40:46,407 DEBUG (BaseJdbcLogger.java:159)- ==> Parameters: 5(Integer)
2019-04-05 14:40:46,408 DEBUG (BaseJdbcLogger.java:159)- <==      Total: 2
2019-04-05 14:40:46,410 DEBUG (BaseJdbcLogger.java:159)- ==>  Preparing: SELECT m2.* FROM menu m1,menu m2 WHERE m1.mid=m2.pid AND m2.pid=? 
2019-04-05 14:40:46,411 DEBUG (BaseJdbcLogger.java:159)- ==> Parameters: 6(Integer)
2019-04-05 14:40:46,411 DEBUG (BaseJdbcLogger.java:159)- <==      Total: 2
2019-04-05 14:40:46,413 DEBUG (BaseJdbcLogger.java:159)- ==>  Preparing: SELECT m2.* FROM menu m1,menu m2 WHERE m1.mid=m2.pid AND m2.pid=? 
2019-04-05 14:40:46,413 DEBUG (BaseJdbcLogger.java:159)- ==> Parameters: 9(Integer)
2019-04-05 14:40:46,414 DEBUG (BaseJdbcLogger.java:159)- <==      Total: 2
2019-04-05 14:40:52,377 DEBUG (BaseJdbcLogger.java:159)- ==>  Preparing: SELECT m.* FROM menu AS m,rolemenu AS rm WHERE m.mid=rm.mid AND rm.roleid=? AND m.pid IS NULL 
2019-04-05 14:40:52,377 DEBUG (BaseJdbcLogger.java:159)- ==> Parameters: 2(Integer)
2019-04-05 14:40:52,378 DEBUG (BaseJdbcLogger.java:159)- <==      Total: 4
2019-04-05 14:40:52,381 DEBUG (BaseJdbcLogger.java:159)- ==>  Preparing: SELECT m2.* FROM menu m1,menu m2 WHERE m1.mid=m2.pid AND m2.pid=? 
2019-04-05 14:40:52,382 DEBUG (BaseJdbcLogger.java:159)- ==> Parameters: 4(Integer)
2019-04-05 14:40:52,382 DEBUG (BaseJdbcLogger.java:159)- <==      Total: 1
2019-04-05 14:40:52,385 DEBUG (BaseJdbcLogger.java:159)- ==>  Preparing: SELECT m2.* FROM menu m1,menu m2 WHERE m1.mid=m2.pid AND m2.pid=? 
2019-04-05 14:40:52,385 DEBUG (BaseJdbcLogger.java:159)- ==> Parameters: 5(Integer)
2019-04-05 14:40:52,386 DEBUG (BaseJdbcLogger.java:159)- <==      Total: 2
2019-04-05 14:40:52,389 DEBUG (BaseJdbcLogger.java:159)- ==>  Preparing: SELECT m2.* FROM menu m1,menu m2 WHERE m1.mid=m2.pid AND m2.pid=? 
2019-04-05 14:40:52,389 DEBUG (BaseJdbcLogger.java:159)- ==> Parameters: 6(Integer)
2019-04-05 14:40:52,391 DEBUG (BaseJdbcLogger.java:159)- <==      Total: 2
2019-04-05 14:40:52,394 DEBUG (BaseJdbcLogger.java:159)- ==>  Preparing: SELECT m2.* FROM menu m1,menu m2 WHERE m1.mid=m2.pid AND m2.pid=? 
2019-04-05 14:40:52,394 DEBUG (BaseJdbcLogger.java:159)- ==> Parameters: 9(Integer)
2019-04-05 14:40:52,395 DEBUG (BaseJdbcLogger.java:159)- <==      Total: 2
2019-04-05 14:41:19,751 DEBUG (BaseJdbcLogger.java:159)- ==>  Preparing: SELECT m.* FROM menu AS m,rolemenu AS rm WHERE m.mid=rm.mid AND rm.roleid=? AND m.pid IS NULL 
2019-04-05 14:41:19,752 DEBUG (BaseJdbcLogger.java:159)- ==> Parameters: 2(Integer)
2019-04-05 14:41:19,753 DEBUG (BaseJdbcLogger.java:159)- <==      Total: 4
2019-04-05 14:41:19,755 DEBUG (BaseJdbcLogger.java:159)- ==>  Preparing: SELECT m2.* FROM menu m1,menu m2 WHERE m1.mid=m2.pid AND m2.pid=? 
2019-04-05 14:41:19,755 DEBUG (BaseJdbcLogger.java:159)- ==> Parameters: 4(Integer)
2019-04-05 14:41:19,756 DEBUG (BaseJdbcLogger.java:159)- <==      Total: 1
2019-04-05 14:41:19,759 DEBUG (BaseJdbcLogger.java:159)- ==>  Preparing: SELECT m2.* FROM menu m1,menu m2 WHERE m1.mid=m2.pid AND m2.pid=? 
2019-04-05 14:41:19,760 DEBUG (BaseJdbcLogger.java:159)- ==> Parameters: 5(Integer)
2019-04-05 14:41:19,761 DEBUG (BaseJdbcLogger.java:159)- <==      Total: 2
2019-04-05 14:41:19,764 DEBUG (BaseJdbcLogger.java:159)- ==>  Preparing: SELECT m2.* FROM menu m1,menu m2 WHERE m1.mid=m2.pid AND m2.pid=? 
2019-04-05 14:41:19,764 DEBUG (BaseJdbcLogger.java:159)- ==> Parameters: 6(Integer)
2019-04-05 14:41:19,765 DEBUG (BaseJdbcLogger.java:159)- <==      Total: 2
2019-04-05 14:41:19,769 DEBUG (BaseJdbcLogger.java:159)- ==>  Preparing: SELECT m2.* FROM menu m1,menu m2 WHERE m1.mid=m2.pid AND m2.pid=? 
2019-04-05 14:41:19,769 DEBUG (BaseJdbcLogger.java:159)- ==> Parameters: 9(Integer)
2019-04-05 14:41:19,770 DEBUG (BaseJdbcLogger.java:159)- <==      Total: 2
2019-04-05 14:41:47,787 DEBUG (BaseJdbcLogger.java:159)- ==>  Preparing: SELECT m.* FROM menu AS m,rolemenu AS rm WHERE m.mid=rm.mid AND rm.roleid=? AND m.pid IS NULL 
2019-04-05 14:41:47,788 DEBUG (BaseJdbcLogger.java:159)- ==> Parameters: 2(Integer)
2019-04-05 14:41:47,789 DEBUG (BaseJdbcLogger.java:159)- <==      Total: 4
2019-04-05 14:41:47,792 DEBUG (BaseJdbcLogger.java:159)- ==>  Preparing: SELECT m2.* FROM menu m1,menu m2 WHERE m1.mid=m2.pid AND m2.pid=? 
2019-04-05 14:41:47,793 DEBUG (BaseJdbcLogger.java:159)- ==> Parameters: 4(Integer)
2019-04-05 14:41:47,793 DEBUG (BaseJdbcLogger.java:159)- <==      Total: 1
2019-04-05 14:41:47,797 DEBUG (BaseJdbcLogger.java:159)- ==>  Preparing: SELECT m2.* FROM menu m1,menu m2 WHERE m1.mid=m2.pid AND m2.pid=? 
2019-04-05 14:41:47,797 DEBUG (BaseJdbcLogger.java:159)- ==> Parameters: 5(Integer)
2019-04-05 14:41:47,798 DEBUG (BaseJdbcLogger.java:159)- <==      Total: 2
2019-04-05 14:41:47,801 DEBUG (BaseJdbcLogger.java:159)- ==>  Preparing: SELECT m2.* FROM menu m1,menu m2 WHERE m1.mid=m2.pid AND m2.pid=? 
2019-04-05 14:41:47,801 DEBUG (BaseJdbcLogger.java:159)- ==> Parameters: 6(Integer)
2019-04-05 14:41:47,802 DEBUG (BaseJdbcLogger.java:159)- <==      Total: 2
2019-04-05 14:41:47,805 DEBUG (BaseJdbcLogger.java:159)- ==>  Preparing: SELECT m2.* FROM menu m1,menu m2 WHERE m1.mid=m2.pid AND m2.pid=? 
2019-04-05 14:41:47,805 DEBUG (BaseJdbcLogger.java:159)- ==> Parameters: 9(Integer)
2019-04-05 14:41:47,806 DEBUG (BaseJdbcLogger.java:159)- <==      Total: 2
2019-04-05 14:43:43,604 DEBUG (BaseJdbcLogger.java:159)- ==>  Preparing: SELECT m.* FROM menu AS m,rolemenu AS rm WHERE m.mid=rm.mid AND rm.roleid=? AND m.pid IS NULL 
2019-04-05 14:43:43,605 DEBUG (BaseJdbcLogger.java:159)- ==> Parameters: 2(Integer)
2019-04-05 14:43:43,607 DEBUG (BaseJdbcLogger.java:159)- <==      Total: 4
2019-04-05 14:43:43,611 DEBUG (BaseJdbcLogger.java:159)- ==>  Preparing: SELECT m2.* FROM menu m1,menu m2 WHERE m1.mid=m2.pid AND m2.pid=? 
2019-04-05 14:43:43,611 DEBUG (BaseJdbcLogger.java:159)- ==> Parameters: 4(Integer)
2019-04-05 14:43:43,612 DEBUG (BaseJdbcLogger.java:159)- <==      Total: 1
2019-04-05 14:43:43,616 DEBUG (BaseJdbcLogger.java:159)- ==>  Preparing: SELECT m2.* FROM menu m1,menu m2 WHERE m1.mid=m2.pid AND m2.pid=? 
2019-04-05 14:43:43,616 DEBUG (BaseJdbcLogger.java:159)- ==> Parameters: 5(Integer)
2019-04-05 14:43:43,617 DEBUG (BaseJdbcLogger.java:159)- <==      Total: 2
2019-04-05 14:43:43,620 DEBUG (BaseJdbcLogger.java:159)- ==>  Preparing: SELECT m2.* FROM menu m1,menu m2 WHERE m1.mid=m2.pid AND m2.pid=? 
2019-04-05 14:43:43,620 DEBUG (BaseJdbcLogger.java:159)- ==> Parameters: 6(Integer)
2019-04-05 14:43:43,621 DEBUG (BaseJdbcLogger.java:159)- <==      Total: 2
2019-04-05 14:43:43,623 DEBUG (BaseJdbcLogger.java:159)- ==>  Preparing: SELECT m2.* FROM menu m1,menu m2 WHERE m1.mid=m2.pid AND m2.pid=? 
2019-04-05 14:43:43,623 DEBUG (BaseJdbcLogger.java:159)- ==> Parameters: 9(Integer)
2019-04-05 14:43:43,624 DEBUG (BaseJdbcLogger.java:159)- <==      Total: 2
2019-04-05 14:44:00,592 DEBUG (BaseJdbcLogger.java:159)- ==>  Preparing: SELECT m.* FROM menu AS m,rolemenu AS rm WHERE m.mid=rm.mid AND rm.roleid=? AND m.pid IS NULL 
2019-04-05 14:44:00,592 DEBUG (BaseJdbcLogger.java:159)- ==> Parameters: 2(Integer)
2019-04-05 14:44:00,593 DEBUG (BaseJdbcLogger.java:159)- <==      Total: 4
2019-04-05 14:44:00,598 DEBUG (BaseJdbcLogger.java:159)- ==>  Preparing: SELECT m2.* FROM menu m1,menu m2 WHERE m1.mid=m2.pid AND m2.pid=? 
2019-04-05 14:44:00,599 DEBUG (BaseJdbcLogger.java:159)- ==> Parameters: 4(Integer)
2019-04-05 14:44:00,599 DEBUG (BaseJdbcLogger.java:159)- <==      Total: 1
2019-04-05 14:44:00,603 DEBUG (BaseJdbcLogger.java:159)- ==>  Preparing: SELECT m2.* FROM menu m1,menu m2 WHERE m1.mid=m2.pid AND m2.pid=? 
2019-04-05 14:44:00,603 DEBUG (BaseJdbcLogger.java:159)- ==> Parameters: 5(Integer)
2019-04-05 14:44:00,604 DEBUG (BaseJdbcLogger.java:159)- <==      Total: 2
2019-04-05 14:44:00,607 DEBUG (BaseJdbcLogger.java:159)- ==>  Preparing: SELECT m2.* FROM menu m1,menu m2 WHERE m1.mid=m2.pid AND m2.pid=? 
2019-04-05 14:44:00,607 DEBUG (BaseJdbcLogger.java:159)- ==> Parameters: 6(Integer)
2019-04-05 14:44:00,608 DEBUG (BaseJdbcLogger.java:159)- <==      Total: 2
2019-04-05 14:44:00,610 DEBUG (BaseJdbcLogger.java:159)- ==>  Preparing: SELECT m2.* FROM menu m1,menu m2 WHERE m1.mid=m2.pid AND m2.pid=? 
2019-04-05 14:44:00,611 DEBUG (BaseJdbcLogger.java:159)- ==> Parameters: 9(Integer)
2019-04-05 14:44:00,613 DEBUG (BaseJdbcLogger.java:159)- <==      Total: 2
2019-04-05 14:44:08,112 DEBUG (BaseJdbcLogger.java:159)- ==>  Preparing: SELECT m.* FROM menu AS m,rolemenu AS rm WHERE m.mid=rm.mid AND rm.roleid=? AND m.pid IS NULL 
2019-04-05 14:44:08,113 DEBUG (BaseJdbcLogger.java:159)- ==> Parameters: 2(Integer)
2019-04-05 14:44:08,113 DEBUG (BaseJdbcLogger.java:159)- <==      Total: 4
2019-04-05 14:44:08,116 DEBUG (BaseJdbcLogger.java:159)- ==>  Preparing: SELECT m2.* FROM menu m1,menu m2 WHERE m1.mid=m2.pid AND m2.pid=? 
2019-04-05 14:44:08,116 DEBUG (BaseJdbcLogger.java:159)- ==> Parameters: 4(Integer)
2019-04-05 14:44:08,117 DEBUG (BaseJdbcLogger.java:159)- <==      Total: 1
2019-04-05 14:44:08,119 DEBUG (BaseJdbcLogger.java:159)- ==>  Preparing: SELECT m2.* FROM menu m1,menu m2 WHERE m1.mid=m2.pid AND m2.pid=? 
2019-04-05 14:44:08,119 DEBUG (BaseJdbcLogger.java:159)- ==> Parameters: 5(Integer)
2019-04-05 14:44:08,120 DEBUG (BaseJdbcLogger.java:159)- <==      Total: 2
2019-04-05 14:44:08,122 DEBUG (BaseJdbcLogger.java:159)- ==>  Preparing: SELECT m2.* FROM menu m1,menu m2 WHERE m1.mid=m2.pid AND m2.pid=? 
2019-04-05 14:44:08,122 DEBUG (BaseJdbcLogger.java:159)- ==> Parameters: 6(Integer)
2019-04-05 14:44:08,123 DEBUG (BaseJdbcLogger.java:159)- <==      Total: 2
2019-04-05 14:44:08,126 DEBUG (BaseJdbcLogger.java:159)- ==>  Preparing: SELECT m2.* FROM menu m1,menu m2 WHERE m1.mid=m2.pid AND m2.pid=? 
2019-04-05 14:44:08,126 DEBUG (BaseJdbcLogger.java:159)- ==> Parameters: 9(Integer)
2019-04-05 14:44:08,127 DEBUG (BaseJdbcLogger.java:159)- <==      Total: 2
2019-04-05 14:44:58,049 DEBUG (BaseJdbcLogger.java:159)- ==>  Preparing: SELECT m.* FROM menu AS m,rolemenu AS rm WHERE m.mid=rm.mid AND rm.roleid=? AND m.pid IS NULL 
2019-04-05 14:44:58,050 DEBUG (BaseJdbcLogger.java:159)- ==> Parameters: 2(Integer)
2019-04-05 14:44:58,051 DEBUG (BaseJdbcLogger.java:159)- <==      Total: 4
2019-04-05 14:44:58,054 DEBUG (BaseJdbcLogger.java:159)- ==>  Preparing: SELECT m2.* FROM menu m1,menu m2 WHERE m1.mid=m2.pid AND m2.pid=? 
2019-04-05 14:44:58,055 DEBUG (BaseJdbcLogger.java:159)- ==> Parameters: 4(Integer)
2019-04-05 14:44:58,056 DEBUG (BaseJdbcLogger.java:159)- <==      Total: 1
2019-04-05 14:44:58,058 DEBUG (BaseJdbcLogger.java:159)- ==>  Preparing: SELECT m2.* FROM menu m1,menu m2 WHERE m1.mid=m2.pid AND m2.pid=? 
2019-04-05 14:44:58,059 DEBUG (BaseJdbcLogger.java:159)- ==> Parameters: 5(Integer)
2019-04-05 14:44:58,059 DEBUG (BaseJdbcLogger.java:159)- <==      Total: 2
2019-04-05 14:44:58,062 DEBUG (BaseJdbcLogger.java:159)- ==>  Preparing: SELECT m2.* FROM menu m1,menu m2 WHERE m1.mid=m2.pid AND m2.pid=? 
2019-04-05 14:44:58,062 DEBUG (BaseJdbcLogger.java:159)- ==> Parameters: 6(Integer)
2019-04-05 14:44:58,063 DEBUG (BaseJdbcLogger.java:159)- <==      Total: 2
2019-04-05 14:44:58,066 DEBUG (BaseJdbcLogger.java:159)- ==>  Preparing: SELECT m2.* FROM menu m1,menu m2 WHERE m1.mid=m2.pid AND m2.pid=? 
2019-04-05 14:44:58,067 DEBUG (BaseJdbcLogger.java:159)- ==> Parameters: 9(Integer)
2019-04-05 14:44:58,067 DEBUG (BaseJdbcLogger.java:159)- <==      Total: 2
2019-04-05 14:46:59,645 DEBUG (BaseJdbcLogger.java:159)- ==>  Preparing: SELECT m.* FROM menu AS m,rolemenu AS rm WHERE m.mid=rm.mid AND rm.roleid=? AND m.pid IS NULL 
2019-04-05 14:46:59,645 DEBUG (BaseJdbcLogger.java:159)- ==> Parameters: 2(Integer)
2019-04-05 14:46:59,646 DEBUG (BaseJdbcLogger.java:159)- <==      Total: 4
2019-04-05 14:46:59,648 DEBUG (BaseJdbcLogger.java:159)- ==>  Preparing: SELECT m2.* FROM menu m1,menu m2 WHERE m1.mid=m2.pid AND m2.pid=? 
2019-04-05 14:46:59,649 DEBUG (BaseJdbcLogger.java:159)- ==> Parameters: 4(Integer)
2019-04-05 14:46:59,649 DEBUG (BaseJdbcLogger.java:159)- <==      Total: 1
2019-04-05 14:46:59,651 DEBUG (BaseJdbcLogger.java:159)- ==>  Preparing: SELECT m2.* FROM menu m1,menu m2 WHERE m1.mid=m2.pid AND m2.pid=? 
2019-04-05 14:46:59,652 DEBUG (BaseJdbcLogger.java:159)- ==> Parameters: 5(Integer)
2019-04-05 14:46:59,652 DEBUG (BaseJdbcLogger.java:159)- <==      Total: 2
2019-04-05 14:46:59,655 DEBUG (BaseJdbcLogger.java:159)- ==>  Preparing: SELECT m2.* FROM menu m1,menu m2 WHERE m1.mid=m2.pid AND m2.pid=? 
2019-04-05 14:46:59,656 DEBUG (BaseJdbcLogger.java:159)- ==> Parameters: 6(Integer)
2019-04-05 14:46:59,657 DEBUG (BaseJdbcLogger.java:159)- <==      Total: 2
2019-04-05 14:46:59,660 DEBUG (BaseJdbcLogger.java:159)- ==>  Preparing: SELECT m2.* FROM menu m1,menu m2 WHERE m1.mid=m2.pid AND m2.pid=? 
2019-04-05 14:46:59,660 DEBUG (BaseJdbcLogger.java:159)- ==> Parameters: 9(Integer)
2019-04-05 14:46:59,661 DEBUG (BaseJdbcLogger.java:159)- <==      Total: 2
2019-04-05 14:47:51,610 DEBUG (BaseJdbcLogger.java:159)- ==>  Preparing: SELECT m.* FROM menu AS m,rolemenu AS rm WHERE m.mid=rm.mid AND rm.roleid=? AND m.pid IS NULL 
2019-04-05 14:47:51,610 DEBUG (BaseJdbcLogger.java:159)- ==> Parameters: 2(Integer)
2019-04-05 14:47:51,611 DEBUG (BaseJdbcLogger.java:159)- <==      Total: 4
2019-04-05 14:47:51,616 DEBUG (BaseJdbcLogger.java:159)- ==>  Preparing: SELECT m2.* FROM menu m1,menu m2 WHERE m1.mid=m2.pid AND m2.pid=? 
2019-04-05 14:47:51,616 DEBUG (BaseJdbcLogger.java:159)- ==> Parameters: 4(Integer)
2019-04-05 14:47:51,617 DEBUG (BaseJdbcLogger.java:159)- <==      Total: 1
2019-04-05 14:47:51,620 DEBUG (BaseJdbcLogger.java:159)- ==>  Preparing: SELECT m2.* FROM menu m1,menu m2 WHERE m1.mid=m2.pid AND m2.pid=? 
2019-04-05 14:47:51,621 DEBUG (BaseJdbcLogger.java:159)- ==> Parameters: 5(Integer)
2019-04-05 14:47:51,622 DEBUG (BaseJdbcLogger.java:159)- <==      Total: 2
2019-04-05 14:47:51,626 DEBUG (BaseJdbcLogger.java:159)- ==>  Preparing: SELECT m2.* FROM menu m1,menu m2 WHERE m1.mid=m2.pid AND m2.pid=? 
2019-04-05 14:47:51,626 DEBUG (BaseJdbcLogger.java:159)- ==> Parameters: 6(Integer)
2019-04-05 14:47:51,627 DEBUG (BaseJdbcLogger.java:159)- <==      Total: 2
2019-04-05 14:47:51,631 DEBUG (BaseJdbcLogger.java:159)- ==>  Preparing: SELECT m2.* FROM menu m1,menu m2 WHERE m1.mid=m2.pid AND m2.pid=? 
2019-04-05 14:47:51,631 DEBUG (BaseJdbcLogger.java:159)- ==> Parameters: 9(Integer)
2019-04-05 14:47:51,632 DEBUG (BaseJdbcLogger.java:159)- <==      Total: 2
