2019-03-30 15:17:39,735 INFO (StartupInfoLogger.java:50)- Starting PiccApplication on 紫迎 with PID 16932 (C:\Users\Dell\Desktop\Picc\target\classes started by Dell in C:\Users\Dell\Desktop\Picc)
2019-03-30 15:17:39,735 DEBUG (StartupInfoLogger.java:53)- Running with Spring Boot v2.1.3.RELEASE, Spring v5.1.5.RELEASE
2019-03-30 15:17:39,735 INFO (SpringApplication.java:675)- No active profile set, falling back to default profiles: default
2019-03-30 15:17:41,554 INFO (StartupInfoLogger.java:59)- Started PiccApplication in 2.338 seconds (JVM running for 3.095)
2019-03-30 15:18:01,176 DEBUG (BaseJdbcLogger.java:159)- ==>  Preparing: SELECT u.*,ur.rid FROM USER u,userrole ur WHERE u.userid=ur.uid AND userCode=? and userPwd=? 
2019-03-30 15:18:01,196 DEBUG (BaseJdbcLogger.java:159)- ==> Parameters: 001(String), 321(String)
2019-03-30 15:18:01,216 DEBUG (BaseJdbcLogger.java:159)- <==      Total: 1
2019-03-30 15:18:04,159 DEBUG (BaseJdbcLogger.java:159)- ==>  Preparing: SELECT m.* FROM menu AS m,rolemenu AS rm WHERE m.mid=rm.mid AND rm.roleid=? 
2019-03-30 15:18:04,160 DEBUG (BaseJdbcLogger.java:159)- ==> Parameters: null
2019-03-30 15:18:04,160 DEBUG (BaseJdbcLogger.java:159)- <==      Total: 0
2019-03-30 15:20:46,519 INFO (StartupInfoLogger.java:50)- Starting PiccApplication on 紫迎 with PID 8412 (C:\Users\Dell\Desktop\Picc\target\classes started by Dell in C:\Users\Dell\Desktop\Picc)
2019-03-30 15:20:46,520 DEBUG (StartupInfoLogger.java:53)- Running with Spring Boot v2.1.3.RELEASE, Spring v5.1.5.RELEASE
2019-03-30 15:20:46,521 INFO (SpringApplication.java:675)- No active profile set, falling back to default profiles: default
2019-03-30 15:20:48,330 INFO (StartupInfoLogger.java:59)- Started PiccApplication in 2.187 seconds (JVM running for 2.866)
2019-03-30 15:21:04,477 DEBUG (BaseJdbcLogger.java:159)- ==>  Preparing: SELECT u.*,ur.rid FROM USER u,userrole ur WHERE u.userid=ur.uid AND userCode=? and userPwd=? 
2019-03-30 15:21:04,497 DEBUG (BaseJdbcLogger.java:159)- ==> Parameters: 001(String), 123(String)
2019-03-30 15:21:04,507 DEBUG (BaseJdbcLogger.java:159)- <==      Total: 0
2019-03-30 15:21:10,204 DEBUG (BaseJdbcLogger.java:159)- ==>  Preparing: SELECT u.*,ur.rid FROM USER u,userrole ur WHERE u.userid=ur.uid AND userCode=? and userPwd=? 
2019-03-30 15:21:10,204 DEBUG (BaseJdbcLogger.java:159)- ==> Parameters: 001(String), 321(String)
2019-03-30 15:21:10,207 DEBUG (BaseJdbcLogger.java:159)- <==      Total: 1
2019-03-30 15:21:11,575 DEBUG (BaseJdbcLogger.java:159)- ==>  Preparing: SELECT m.* FROM menu AS m,rolemenu AS rm WHERE m.mid=rm.mid AND rm.roleid=? 
2019-03-30 15:21:11,576 DEBUG (BaseJdbcLogger.java:159)- ==> Parameters: 2(Integer)
2019-03-30 15:21:11,577 DEBUG (BaseJdbcLogger.java:159)- <==      Total: 1
2019-03-30 15:21:11,581 DEBUG (BaseJdbcLogger.java:159)- ==>  Preparing: SELECT m2.* FROM menu m1,menu m2 WHERE m1.mid=m2.pid AND m2.pid=? 
2019-03-30 15:21:11,581 DEBUG (BaseJdbcLogger.java:159)- ==> Parameters: 7(Integer)
2019-03-30 15:21:11,583 DEBUG (BaseJdbcLogger.java:159)- <==      Total: 1
2019-03-30 15:22:28,095 DEBUG (BaseJdbcLogger.java:159)- ==>  Preparing: SELECT m.* FROM menu AS m,rolemenu AS rm WHERE m.mid=rm.mid AND rm.roleid=? 
2019-03-30 15:22:28,095 DEBUG (BaseJdbcLogger.java:159)- ==> Parameters: 2(Integer)
2019-03-30 15:22:28,095 DEBUG (BaseJdbcLogger.java:159)- <==      Total: 1
2019-03-30 15:22:28,095 DEBUG (BaseJdbcLogger.java:159)- ==>  Preparing: SELECT m2.* FROM menu m1,menu m2 WHERE m1.mid=m2.pid AND m2.pid=? 
2019-03-30 15:22:28,095 DEBUG (BaseJdbcLogger.java:159)- ==> Parameters: 7(Integer)
2019-03-30 15:22:28,095 DEBUG (BaseJdbcLogger.java:159)- <==      Total: 1
