2019-04-09 10:11:42,555 INFO (StartupInfoLogger.java:50)- Starting PiccApplication on 紫迎 with PID 23600 (C:\Users\Dell\Desktop\Picc\target\classes started by Dell in C:\Users\Dell\Desktop\Picc)
2019-04-09 10:11:42,557 DEBUG (StartupInfoLogger.java:53)- Running with Spring Boot v2.1.3.RELEASE, Spring v5.1.5.RELEASE
2019-04-09 10:11:42,559 INFO (SpringApplication.java:675)- No active profile set, falling back to default profiles: default
2019-04-09 10:11:46,639 INFO (StartupInfoLogger.java:59)- Started PiccApplication in 5.082 seconds (JVM running for 7.923)
2019-04-09 10:14:39,973 DEBUG (BaseJdbcLogger.java:159)- ==>  Preparing: SELECT m.* FROM menu AS m,rolemenu AS rm WHERE m.mid=rm.mid AND rm.roleid=? AND m.pid IS NULL 
2019-04-09 10:14:39,997 DEBUG (BaseJdbcLogger.java:159)- ==> Parameters: null
2019-04-09 10:14:40,047 DEBUG (BaseJdbcLogger.java:159)- <==      Total: 0
2019-04-09 10:14:55,064 DEBUG (BaseJdbcLogger.java:159)- ==>  Preparing: SELECT u.*,ur.rid FROM USER u,userrole ur WHERE u.userid=ur.uid AND userCode=? and userPwd=? 
2019-04-09 10:14:55,065 DEBUG (BaseJdbcLogger.java:159)- ==> Parameters: 002(String), 123(String)
2019-04-09 10:14:55,085 DEBUG (BaseJdbcLogger.java:159)- <==      Total: 1
2019-04-09 10:14:55,368 DEBUG (BaseJdbcLogger.java:159)- ==>  Preparing: SELECT m.* FROM menu AS m,rolemenu AS rm WHERE m.mid=rm.mid AND rm.roleid=? AND m.pid IS NULL 
2019-04-09 10:14:55,369 DEBUG (BaseJdbcLogger.java:159)- ==> Parameters: 3(Integer)
2019-04-09 10:14:55,378 DEBUG (BaseJdbcLogger.java:159)- <==      Total: 4
2019-04-09 10:14:55,399 DEBUG (BaseJdbcLogger.java:159)- ==>  Preparing: SELECT m2.* FROM menu m1,menu m2 WHERE m1.mid=m2.pid AND m2.mid IN ( SELECT m2.mid FROM menu m2,rolemenu rm WHERE rm.`mid`=m2.mid AND roleid=? AND m2.`mlevel`=2 ) AND m2.pid=? 
2019-04-09 10:14:55,399 DEBUG (BaseJdbcLogger.java:159)- ==> Parameters: 3(Integer), 4(Integer)
2019-04-09 10:14:55,408 DEBUG (BaseJdbcLogger.java:159)- <==      Total: 1
2019-04-09 10:14:55,411 DEBUG (BaseJdbcLogger.java:159)- ==>  Preparing: SELECT m2.* FROM menu m1,menu m2 WHERE m1.mid=m2.pid AND m2.mid IN ( SELECT m2.mid FROM menu m2,rolemenu rm WHERE rm.`mid`=m2.mid AND roleid=? AND m2.`mlevel`=2 ) AND m2.pid=? 
2019-04-09 10:14:55,412 DEBUG (BaseJdbcLogger.java:159)- ==> Parameters: 3(Integer), 5(Integer)
2019-04-09 10:14:55,413 DEBUG (BaseJdbcLogger.java:159)- <==      Total: 1
2019-04-09 10:14:55,415 DEBUG (BaseJdbcLogger.java:159)- ==>  Preparing: SELECT m2.* FROM menu m1,menu m2 WHERE m1.mid=m2.pid AND m2.mid IN ( SELECT m2.mid FROM menu m2,rolemenu rm WHERE rm.`mid`=m2.mid AND roleid=? AND m2.`mlevel`=2 ) AND m2.pid=? 
2019-04-09 10:14:55,416 DEBUG (BaseJdbcLogger.java:159)- ==> Parameters: 3(Integer), 6(Integer)
2019-04-09 10:14:55,417 DEBUG (BaseJdbcLogger.java:159)- <==      Total: 1
2019-04-09 10:14:55,420 DEBUG (BaseJdbcLogger.java:159)- ==>  Preparing: SELECT m2.* FROM menu m1,menu m2 WHERE m1.mid=m2.pid AND m2.mid IN ( SELECT m2.mid FROM menu m2,rolemenu rm WHERE rm.`mid`=m2.mid AND roleid=? AND m2.`mlevel`=2 ) AND m2.pid=? 
2019-04-09 10:14:55,421 DEBUG (BaseJdbcLogger.java:159)- ==> Parameters: 3(Integer), 9(Integer)
2019-04-09 10:14:55,423 DEBUG (BaseJdbcLogger.java:159)- <==      Total: 1
2019-04-09 10:15:00,839 DEBUG (BaseJdbcLogger.java:159)- ==>  Preparing: SELECT m.*,u.userName FROM mishu AS m,USER AS u WHERE m.`userId`=u.`userid` 
2019-04-09 10:15:00,839 DEBUG (BaseJdbcLogger.java:159)- ==> Parameters: 
2019-04-09 10:15:00,842 DEBUG (BaseJdbcLogger.java:159)- <==      Total: 12
2019-04-09 10:16:40,946 DEBUG (BaseJdbcLogger.java:159)- ==>  Preparing: SELECT u.*,ur.rid FROM USER u,userrole ur WHERE u.userid=ur.uid AND userCode=? and userPwd=? 
2019-04-09 10:16:40,946 DEBUG (BaseJdbcLogger.java:159)- ==> Parameters: 003(String), 123(String)
2019-04-09 10:16:40,948 DEBUG (BaseJdbcLogger.java:159)- <==      Total: 1
2019-04-09 10:16:41,129 DEBUG (BaseJdbcLogger.java:159)- ==>  Preparing: SELECT m.* FROM menu AS m,rolemenu AS rm WHERE m.mid=rm.mid AND rm.roleid=? AND m.pid IS NULL 
2019-04-09 10:16:41,131 DEBUG (BaseJdbcLogger.java:159)- ==> Parameters: 4(Integer)
2019-04-09 10:16:41,136 DEBUG (BaseJdbcLogger.java:159)- <==      Total: 4
2019-04-09 10:16:41,143 DEBUG (BaseJdbcLogger.java:159)- ==>  Preparing: SELECT m2.* FROM menu m1,menu m2 WHERE m1.mid=m2.pid AND m2.mid IN ( SELECT m2.mid FROM menu m2,rolemenu rm WHERE rm.`mid`=m2.mid AND roleid=? AND m2.`mlevel`=2 ) AND m2.pid=? 
2019-04-09 10:16:41,145 DEBUG (BaseJdbcLogger.java:159)- ==> Parameters: 4(Integer), 4(Integer)
2019-04-09 10:16:41,147 DEBUG (BaseJdbcLogger.java:159)- <==      Total: 1
2019-04-09 10:16:41,155 DEBUG (BaseJdbcLogger.java:159)- ==>  Preparing: SELECT m2.* FROM menu m1,menu m2 WHERE m1.mid=m2.pid AND m2.mid IN ( SELECT m2.mid FROM menu m2,rolemenu rm WHERE rm.`mid`=m2.mid AND roleid=? AND m2.`mlevel`=2 ) AND m2.pid=? 
2019-04-09 10:16:41,156 DEBUG (BaseJdbcLogger.java:159)- ==> Parameters: 4(Integer), 5(Integer)
2019-04-09 10:16:41,161 DEBUG (BaseJdbcLogger.java:159)- <==      Total: 1
2019-04-09 10:16:41,167 DEBUG (BaseJdbcLogger.java:159)- ==>  Preparing: SELECT m2.* FROM menu m1,menu m2 WHERE m1.mid=m2.pid AND m2.mid IN ( SELECT m2.mid FROM menu m2,rolemenu rm WHERE rm.`mid`=m2.mid AND roleid=? AND m2.`mlevel`=2 ) AND m2.pid=? 
2019-04-09 10:16:41,168 DEBUG (BaseJdbcLogger.java:159)- ==> Parameters: 4(Integer), 6(Integer)
2019-04-09 10:16:41,170 DEBUG (BaseJdbcLogger.java:159)- <==      Total: 1
2019-04-09 10:16:41,178 DEBUG (BaseJdbcLogger.java:159)- ==>  Preparing: SELECT m2.* FROM menu m1,menu m2 WHERE m1.mid=m2.pid AND m2.mid IN ( SELECT m2.mid FROM menu m2,rolemenu rm WHERE rm.`mid`=m2.mid AND roleid=? AND m2.`mlevel`=2 ) AND m2.pid=? 
2019-04-09 10:16:41,178 DEBUG (BaseJdbcLogger.java:159)- ==> Parameters: 4(Integer), 9(Integer)
2019-04-09 10:16:41,182 DEBUG (BaseJdbcLogger.java:159)- <==      Total: 1
2019-04-09 10:20:17,531 DEBUG (BaseJdbcLogger.java:159)- ==>  Preparing: SELECT m.*,u.userName FROM mishu AS m,USER AS u WHERE m.`userId`=u.`userid` 
2019-04-09 10:20:17,532 DEBUG (BaseJdbcLogger.java:159)- ==> Parameters: 
2019-04-09 10:20:17,537 DEBUG (BaseJdbcLogger.java:159)- <==      Total: 12
2019-04-09 13:51:44,035 INFO (StartupInfoLogger.java:50)- Starting PiccApplication on 紫迎 with PID 13284 (C:\Users\Dell\Desktop\Picc\target\classes started by Dell in C:\Users\Dell\Desktop\Picc)
2019-04-09 13:51:44,036 DEBUG (StartupInfoLogger.java:53)- Running with Spring Boot v2.1.3.RELEASE, Spring v5.1.5.RELEASE
2019-04-09 13:51:44,036 INFO (SpringApplication.java:675)- No active profile set, falling back to default profiles: default
2019-04-09 13:51:46,666 INFO (StartupInfoLogger.java:59)- Started PiccApplication in 3.356 seconds (JVM running for 4.992)
2019-04-09 13:51:50,639 DEBUG (BaseJdbcLogger.java:159)- ==>  Preparing: SELECT m.* FROM menu AS m,rolemenu AS rm WHERE m.mid=rm.mid AND rm.roleid=? AND m.pid IS NULL 
2019-04-09 13:51:50,656 DEBUG (BaseJdbcLogger.java:159)- ==> Parameters: 4(Integer)
2019-04-09 13:51:50,776 DEBUG (BaseJdbcLogger.java:159)- <==      Total: 4
2019-04-09 13:51:50,790 DEBUG (BaseJdbcLogger.java:159)- ==>  Preparing: SELECT m2.* FROM menu m1,menu m2 WHERE m1.mid=m2.pid AND m2.mid IN ( SELECT m2.mid FROM menu m2,rolemenu rm WHERE rm.`mid`=m2.mid AND roleid=? AND m2.`mlevel`=2 ) AND m2.pid=? 
2019-04-09 13:51:50,791 DEBUG (BaseJdbcLogger.java:159)- ==> Parameters: 4(Integer), 4(Integer)
2019-04-09 13:51:50,795 DEBUG (BaseJdbcLogger.java:159)- <==      Total: 1
2019-04-09 13:51:50,798 DEBUG (BaseJdbcLogger.java:159)- ==>  Preparing: SELECT m2.* FROM menu m1,menu m2 WHERE m1.mid=m2.pid AND m2.mid IN ( SELECT m2.mid FROM menu m2,rolemenu rm WHERE rm.`mid`=m2.mid AND roleid=? AND m2.`mlevel`=2 ) AND m2.pid=? 
2019-04-09 13:51:50,798 DEBUG (BaseJdbcLogger.java:159)- ==> Parameters: 4(Integer), 5(Integer)
2019-04-09 13:51:50,800 DEBUG (BaseJdbcLogger.java:159)- <==      Total: 1
2019-04-09 13:51:50,803 DEBUG (BaseJdbcLogger.java:159)- ==>  Preparing: SELECT m2.* FROM menu m1,menu m2 WHERE m1.mid=m2.pid AND m2.mid IN ( SELECT m2.mid FROM menu m2,rolemenu rm WHERE rm.`mid`=m2.mid AND roleid=? AND m2.`mlevel`=2 ) AND m2.pid=? 
2019-04-09 13:51:50,803 DEBUG (BaseJdbcLogger.java:159)- ==> Parameters: 4(Integer), 6(Integer)
2019-04-09 13:51:50,804 DEBUG (BaseJdbcLogger.java:159)- <==      Total: 1
2019-04-09 13:51:50,808 DEBUG (BaseJdbcLogger.java:159)- ==>  Preparing: SELECT m2.* FROM menu m1,menu m2 WHERE m1.mid=m2.pid AND m2.mid IN ( SELECT m2.mid FROM menu m2,rolemenu rm WHERE rm.`mid`=m2.mid AND roleid=? AND m2.`mlevel`=2 ) AND m2.pid=? 
2019-04-09 13:51:50,808 DEBUG (BaseJdbcLogger.java:159)- ==> Parameters: 4(Integer), 9(Integer)
2019-04-09 13:51:50,809 DEBUG (BaseJdbcLogger.java:159)- <==      Total: 1
2019-04-09 13:51:53,168 DEBUG (BaseJdbcLogger.java:159)- ==>  Preparing: SELECT m.*,u.userName FROM mishu AS m,USER AS u WHERE m.`userId`=u.`userid` 
2019-04-09 13:51:53,168 DEBUG (BaseJdbcLogger.java:159)- ==> Parameters: 
2019-04-09 13:51:53,173 DEBUG (BaseJdbcLogger.java:159)- <==      Total: 12
2019-04-09 14:08:49,779 DEBUG (BaseJdbcLogger.java:159)- ==>  Preparing: SELECT u.*,ur.rid FROM USER u,userrole ur WHERE u.userid=ur.uid AND userCode=? and userPwd=? 
2019-04-09 14:08:49,780 DEBUG (BaseJdbcLogger.java:159)- ==> Parameters: admin(String), 123(String)
2019-04-09 14:08:49,783 DEBUG (BaseJdbcLogger.java:159)- <==      Total: 1
2019-04-09 14:08:50,026 DEBUG (BaseJdbcLogger.java:159)- ==>  Preparing: SELECT m.* FROM menu AS m,rolemenu AS rm WHERE m.mid=rm.mid AND rm.roleid=? AND m.pid IS NULL 
2019-04-09 14:08:50,028 DEBUG (BaseJdbcLogger.java:159)- ==> Parameters: 1(Integer)
2019-04-09 14:08:50,034 DEBUG (BaseJdbcLogger.java:159)- <==      Total: 5
2019-04-09 14:08:50,042 DEBUG (BaseJdbcLogger.java:159)- ==>  Preparing: SELECT m2.* FROM menu m1,menu m2 WHERE m1.mid=m2.pid AND m2.pid=? 
2019-04-09 14:08:50,043 DEBUG (BaseJdbcLogger.java:159)- ==> Parameters: 1(Integer)
2019-04-09 14:08:50,044 DEBUG (BaseJdbcLogger.java:159)- <==      Total: 2
2019-04-09 14:08:50,049 DEBUG (BaseJdbcLogger.java:159)- ==>  Preparing: SELECT m2.* FROM menu m1,menu m2 WHERE m1.mid=m2.pid AND m2.pid=? 
2019-04-09 14:08:50,050 DEBUG (BaseJdbcLogger.java:159)- ==> Parameters: 4(Integer)
2019-04-09 14:08:50,053 DEBUG (BaseJdbcLogger.java:159)- <==      Total: 1
2019-04-09 14:08:50,058 DEBUG (BaseJdbcLogger.java:159)- ==>  Preparing: SELECT m2.* FROM menu m1,menu m2 WHERE m1.mid=m2.pid AND m2.pid=? 
2019-04-09 14:08:50,059 DEBUG (BaseJdbcLogger.java:159)- ==> Parameters: 5(Integer)
2019-04-09 14:08:50,061 DEBUG (BaseJdbcLogger.java:159)- <==      Total: 2
2019-04-09 14:08:50,064 DEBUG (BaseJdbcLogger.java:159)- ==>  Preparing: SELECT m2.* FROM menu m1,menu m2 WHERE m1.mid=m2.pid AND m2.pid=? 
2019-04-09 14:08:50,064 DEBUG (BaseJdbcLogger.java:159)- ==> Parameters: 6(Integer)
2019-04-09 14:08:50,065 DEBUG (BaseJdbcLogger.java:159)- <==      Total: 2
2019-04-09 14:08:50,069 DEBUG (BaseJdbcLogger.java:159)- ==>  Preparing: SELECT m2.* FROM menu m1,menu m2 WHERE m1.mid=m2.pid AND m2.pid=? 
2019-04-09 14:08:50,069 DEBUG (BaseJdbcLogger.java:159)- ==> Parameters: 9(Integer)
2019-04-09 14:08:50,071 DEBUG (BaseJdbcLogger.java:159)- <==      Total: 2
2019-04-09 14:09:33,372 DEBUG (BaseJdbcLogger.java:159)- ==>  Preparing: SELECT m.*,u.userName FROM mishu AS m,USER AS u WHERE m.`userId`=u.`userid` 
2019-04-09 14:09:33,373 DEBUG (BaseJdbcLogger.java:159)- ==> Parameters: 
2019-04-09 14:09:33,380 DEBUG (BaseJdbcLogger.java:159)- <==      Total: 12
2019-04-09 14:09:52,220 DEBUG (BaseJdbcLogger.java:159)- ==>  Preparing: SELECT m.* FROM menu AS m,rolemenu AS rm WHERE m.mid=rm.mid AND rm.roleid=? AND m.pid IS NULL 
2019-04-09 14:09:52,222 DEBUG (BaseJdbcLogger.java:159)- ==> Parameters: 1(Integer)
2019-04-09 14:09:52,227 DEBUG (BaseJdbcLogger.java:159)- <==      Total: 5
2019-04-09 14:09:52,232 DEBUG (BaseJdbcLogger.java:159)- ==>  Preparing: SELECT m2.* FROM menu m1,menu m2 WHERE m1.mid=m2.pid AND m2.pid=? 
2019-04-09 14:09:52,233 DEBUG (BaseJdbcLogger.java:159)- ==> Parameters: 1(Integer)
2019-04-09 14:09:52,235 DEBUG (BaseJdbcLogger.java:159)- <==      Total: 2
2019-04-09 14:09:52,240 DEBUG (BaseJdbcLogger.java:159)- ==>  Preparing: SELECT m2.* FROM menu m1,menu m2 WHERE m1.mid=m2.pid AND m2.pid=? 
2019-04-09 14:09:52,240 DEBUG (BaseJdbcLogger.java:159)- ==> Parameters: 4(Integer)
2019-04-09 14:09:52,243 DEBUG (BaseJdbcLogger.java:159)- <==      Total: 1
2019-04-09 14:09:52,249 DEBUG (BaseJdbcLogger.java:159)- ==>  Preparing: SELECT m2.* FROM menu m1,menu m2 WHERE m1.mid=m2.pid AND m2.pid=? 
2019-04-09 14:09:52,250 DEBUG (BaseJdbcLogger.java:159)- ==> Parameters: 5(Integer)
2019-04-09 14:09:52,254 DEBUG (BaseJdbcLogger.java:159)- <==      Total: 2
2019-04-09 14:09:52,257 DEBUG (BaseJdbcLogger.java:159)- ==>  Preparing: SELECT m2.* FROM menu m1,menu m2 WHERE m1.mid=m2.pid AND m2.pid=? 
2019-04-09 14:09:52,258 DEBUG (BaseJdbcLogger.java:159)- ==> Parameters: 6(Integer)
2019-04-09 14:09:52,261 DEBUG (BaseJdbcLogger.java:159)- <==      Total: 2
2019-04-09 14:09:52,264 DEBUG (BaseJdbcLogger.java:159)- ==>  Preparing: SELECT m2.* FROM menu m1,menu m2 WHERE m1.mid=m2.pid AND m2.pid=? 
2019-04-09 14:09:52,264 DEBUG (BaseJdbcLogger.java:159)- ==> Parameters: 9(Integer)
2019-04-09 14:09:52,265 DEBUG (BaseJdbcLogger.java:159)- <==      Total: 2
2019-04-09 14:09:54,627 DEBUG (BaseJdbcLogger.java:159)- ==>  Preparing: SELECT m.*,u.userName FROM mishu AS m,USER AS u WHERE m.`userId`=u.`userid` 
2019-04-09 14:09:54,628 DEBUG (BaseJdbcLogger.java:159)- ==> Parameters: 
2019-04-09 14:09:54,632 DEBUG (BaseJdbcLogger.java:159)- <==      Total: 12
2019-04-09 14:10:23,242 DEBUG (BaseJdbcLogger.java:159)- ==>  Preparing: select * from mishu where businessCoding=? 
2019-04-09 14:10:23,243 DEBUG (BaseJdbcLogger.java:159)- ==> Parameters: CZM20180314001(String)
2019-04-09 14:10:23,244 DEBUG (BaseJdbcLogger.java:159)- <==      Total: 1
2019-04-09 15:04:05,251 DEBUG (BaseJdbcLogger.java:159)- ==>  Preparing: SELECT m.* FROM menu AS m,rolemenu AS rm WHERE m.mid=rm.mid AND rm.roleid=? AND m.pid IS NULL 
2019-04-09 15:04:05,252 DEBUG (BaseJdbcLogger.java:159)- ==> Parameters: 1(Integer)
2019-04-09 15:04:05,256 DEBUG (BaseJdbcLogger.java:159)- <==      Total: 6
2019-04-09 15:04:05,260 DEBUG (BaseJdbcLogger.java:159)- ==>  Preparing: SELECT m2.* FROM menu m1,menu m2 WHERE m1.mid=m2.pid AND m2.pid=? 
2019-04-09 15:04:05,261 DEBUG (BaseJdbcLogger.java:159)- ==> Parameters: 1(Integer)
2019-04-09 15:04:05,262 DEBUG (BaseJdbcLogger.java:159)- <==      Total: 2
2019-04-09 15:04:05,264 DEBUG (BaseJdbcLogger.java:159)- ==>  Preparing: SELECT m2.* FROM menu m1,menu m2 WHERE m1.mid=m2.pid AND m2.pid=? 
2019-04-09 15:04:05,265 DEBUG (BaseJdbcLogger.java:159)- ==> Parameters: 4(Integer)
2019-04-09 15:04:05,265 DEBUG (BaseJdbcLogger.java:159)- <==      Total: 1
2019-04-09 15:04:05,268 DEBUG (BaseJdbcLogger.java:159)- ==>  Preparing: SELECT m2.* FROM menu m1,menu m2 WHERE m1.mid=m2.pid AND m2.pid=? 
2019-04-09 15:04:05,268 DEBUG (BaseJdbcLogger.java:159)- ==> Parameters: 5(Integer)
2019-04-09 15:04:05,269 DEBUG (BaseJdbcLogger.java:159)- <==      Total: 2
2019-04-09 15:04:05,273 DEBUG (BaseJdbcLogger.java:159)- ==>  Preparing: SELECT m2.* FROM menu m1,menu m2 WHERE m1.mid=m2.pid AND m2.pid=? 
2019-04-09 15:04:05,273 DEBUG (BaseJdbcLogger.java:159)- ==> Parameters: 6(Integer)
2019-04-09 15:04:05,274 DEBUG (BaseJdbcLogger.java:159)- <==      Total: 2
2019-04-09 15:04:05,276 DEBUG (BaseJdbcLogger.java:159)- ==>  Preparing: SELECT m2.* FROM menu m1,menu m2 WHERE m1.mid=m2.pid AND m2.pid=? 
2019-04-09 15:04:05,276 DEBUG (BaseJdbcLogger.java:159)- ==> Parameters: 9(Integer)
2019-04-09 15:04:05,277 DEBUG (BaseJdbcLogger.java:159)- <==      Total: 2
2019-04-09 15:04:05,279 DEBUG (BaseJdbcLogger.java:159)- ==>  Preparing: SELECT m2.* FROM menu m1,menu m2 WHERE m1.mid=m2.pid AND m2.pid=? 
2019-04-09 15:04:05,279 DEBUG (BaseJdbcLogger.java:159)- ==> Parameters: 7(Integer)
2019-04-09 15:04:05,280 DEBUG (BaseJdbcLogger.java:159)- <==      Total: 0
2019-04-09 16:05:21,796 DEBUG (BaseJdbcLogger.java:159)- ==>  Preparing: SELECT m.* FROM menu AS m,rolemenu AS rm WHERE m.mid=rm.mid AND rm.roleid=? AND m.pid IS NULL 
2019-04-09 16:05:21,797 DEBUG (BaseJdbcLogger.java:159)- ==> Parameters: 1(Integer)
2019-04-09 16:05:21,839 DEBUG (BaseJdbcLogger.java:159)- <==      Total: 6
2019-04-09 16:05:21,844 DEBUG (BaseJdbcLogger.java:159)- ==>  Preparing: SELECT m2.* FROM menu m1,menu m2 WHERE m1.mid=m2.pid AND m2.pid=? 
2019-04-09 16:05:21,844 DEBUG (BaseJdbcLogger.java:159)- ==> Parameters: 1(Integer)
2019-04-09 16:05:21,845 DEBUG (BaseJdbcLogger.java:159)- <==      Total: 2
2019-04-09 16:05:21,848 DEBUG (BaseJdbcLogger.java:159)- ==>  Preparing: SELECT m2.* FROM menu m1,menu m2 WHERE m1.mid=m2.pid AND m2.pid=? 
2019-04-09 16:05:21,848 DEBUG (BaseJdbcLogger.java:159)- ==> Parameters: 4(Integer)
2019-04-09 16:05:21,849 DEBUG (BaseJdbcLogger.java:159)- <==      Total: 1
2019-04-09 16:05:21,852 DEBUG (BaseJdbcLogger.java:159)- ==>  Preparing: SELECT m2.* FROM menu m1,menu m2 WHERE m1.mid=m2.pid AND m2.pid=? 
2019-04-09 16:05:21,852 DEBUG (BaseJdbcLogger.java:159)- ==> Parameters: 5(Integer)
2019-04-09 16:05:21,853 DEBUG (BaseJdbcLogger.java:159)- <==      Total: 2
2019-04-09 16:05:21,855 DEBUG (BaseJdbcLogger.java:159)- ==>  Preparing: SELECT m2.* FROM menu m1,menu m2 WHERE m1.mid=m2.pid AND m2.pid=? 
2019-04-09 16:05:21,855 DEBUG (BaseJdbcLogger.java:159)- ==> Parameters: 6(Integer)
2019-04-09 16:05:21,856 DEBUG (BaseJdbcLogger.java:159)- <==      Total: 2
2019-04-09 16:05:21,859 DEBUG (BaseJdbcLogger.java:159)- ==>  Preparing: SELECT m2.* FROM menu m1,menu m2 WHERE m1.mid=m2.pid AND m2.pid=? 
2019-04-09 16:05:21,859 DEBUG (BaseJdbcLogger.java:159)- ==> Parameters: 9(Integer)
2019-04-09 16:05:21,860 DEBUG (BaseJdbcLogger.java:159)- <==      Total: 2
2019-04-09 16:05:21,863 DEBUG (BaseJdbcLogger.java:159)- ==>  Preparing: SELECT m2.* FROM menu m1,menu m2 WHERE m1.mid=m2.pid AND m2.pid=? 
2019-04-09 16:05:21,864 DEBUG (BaseJdbcLogger.java:159)- ==> Parameters: 7(Integer)
2019-04-09 16:05:21,864 DEBUG (BaseJdbcLogger.java:159)- <==      Total: 3
2019-04-09 16:06:24,324 DEBUG (BaseJdbcLogger.java:159)- ==>  Preparing: SELECT m.* FROM menu AS m,rolemenu AS rm WHERE m.mid=rm.mid AND rm.roleid=? AND m.pid IS NULL 
2019-04-09 16:06:24,326 DEBUG (BaseJdbcLogger.java:159)- ==> Parameters: 1(Integer)
2019-04-09 16:06:24,327 DEBUG (BaseJdbcLogger.java:159)- <==      Total: 6
2019-04-09 16:06:24,330 DEBUG (BaseJdbcLogger.java:159)- ==>  Preparing: SELECT m2.* FROM menu m1,menu m2 WHERE m1.mid=m2.pid AND m2.pid=? 
2019-04-09 16:06:24,330 DEBUG (BaseJdbcLogger.java:159)- ==> Parameters: 1(Integer)
2019-04-09 16:06:24,332 DEBUG (BaseJdbcLogger.java:159)- <==      Total: 2
2019-04-09 16:06:24,338 DEBUG (BaseJdbcLogger.java:159)- ==>  Preparing: SELECT m2.* FROM menu m1,menu m2 WHERE m1.mid=m2.pid AND m2.pid=? 
2019-04-09 16:06:24,338 DEBUG (BaseJdbcLogger.java:159)- ==> Parameters: 4(Integer)
2019-04-09 16:06:24,339 DEBUG (BaseJdbcLogger.java:159)- <==      Total: 1
2019-04-09 16:06:24,341 DEBUG (BaseJdbcLogger.java:159)- ==>  Preparing: SELECT m2.* FROM menu m1,menu m2 WHERE m1.mid=m2.pid AND m2.pid=? 
2019-04-09 16:06:24,342 DEBUG (BaseJdbcLogger.java:159)- ==> Parameters: 5(Integer)
2019-04-09 16:06:24,342 DEBUG (BaseJdbcLogger.java:159)- <==      Total: 2
2019-04-09 16:06:24,345 DEBUG (BaseJdbcLogger.java:159)- ==>  Preparing: SELECT m2.* FROM menu m1,menu m2 WHERE m1.mid=m2.pid AND m2.pid=? 
2019-04-09 16:06:24,345 DEBUG (BaseJdbcLogger.java:159)- ==> Parameters: 6(Integer)
2019-04-09 16:06:24,345 DEBUG (BaseJdbcLogger.java:159)- <==      Total: 2
2019-04-09 16:06:24,349 DEBUG (BaseJdbcLogger.java:159)- ==>  Preparing: SELECT m2.* FROM menu m1,menu m2 WHERE m1.mid=m2.pid AND m2.pid=? 
2019-04-09 16:06:24,350 DEBUG (BaseJdbcLogger.java:159)- ==> Parameters: 9(Integer)
2019-04-09 16:06:24,351 DEBUG (BaseJdbcLogger.java:159)- <==      Total: 2
2019-04-09 16:06:24,355 DEBUG (BaseJdbcLogger.java:159)- ==>  Preparing: SELECT m2.* FROM menu m1,menu m2 WHERE m1.mid=m2.pid AND m2.pid=? 
2019-04-09 16:06:24,355 DEBUG (BaseJdbcLogger.java:159)- ==> Parameters: 7(Integer)
2019-04-09 16:06:24,356 DEBUG (BaseJdbcLogger.java:159)- <==      Total: 3
2019-04-09 18:03:49,423 DEBUG (BaseJdbcLogger.java:159)- ==>  Preparing: SELECT m.* FROM menu AS m,rolemenu AS rm WHERE m.mid=rm.mid AND rm.roleid=? AND m.pid IS NULL 
2019-04-09 18:03:49,425 DEBUG (BaseJdbcLogger.java:159)- ==> Parameters: 1(Integer)
2019-04-09 18:03:49,540 DEBUG (BaseJdbcLogger.java:159)- <==      Total: 6
2019-04-09 18:03:49,556 DEBUG (BaseJdbcLogger.java:159)- ==>  Preparing: SELECT m2.* FROM menu m1,menu m2 WHERE m1.mid=m2.pid AND m2.pid=? 
2019-04-09 18:03:49,557 DEBUG (BaseJdbcLogger.java:159)- ==> Parameters: 1(Integer)
2019-04-09 18:03:49,558 DEBUG (BaseJdbcLogger.java:159)- <==      Total: 2
2019-04-09 18:03:49,561 DEBUG (BaseJdbcLogger.java:159)- ==>  Preparing: SELECT m2.* FROM menu m1,menu m2 WHERE m1.mid=m2.pid AND m2.pid=? 
2019-04-09 18:03:49,561 DEBUG (BaseJdbcLogger.java:159)- ==> Parameters: 4(Integer)
2019-04-09 18:03:49,562 DEBUG (BaseJdbcLogger.java:159)- <==      Total: 1
2019-04-09 18:03:49,568 DEBUG (BaseJdbcLogger.java:159)- ==>  Preparing: SELECT m2.* FROM menu m1,menu m2 WHERE m1.mid=m2.pid AND m2.pid=? 
2019-04-09 18:03:49,569 DEBUG (BaseJdbcLogger.java:159)- ==> Parameters: 5(Integer)
2019-04-09 18:03:49,570 DEBUG (BaseJdbcLogger.java:159)- <==      Total: 2
2019-04-09 18:03:49,573 DEBUG (BaseJdbcLogger.java:159)- ==>  Preparing: SELECT m2.* FROM menu m1,menu m2 WHERE m1.mid=m2.pid AND m2.pid=? 
2019-04-09 18:03:49,573 DEBUG (BaseJdbcLogger.java:159)- ==> Parameters: 6(Integer)
2019-04-09 18:03:49,574 DEBUG (BaseJdbcLogger.java:159)- <==      Total: 2
2019-04-09 18:03:49,578 DEBUG (BaseJdbcLogger.java:159)- ==>  Preparing: SELECT m2.* FROM menu m1,menu m2 WHERE m1.mid=m2.pid AND m2.pid=? 
2019-04-09 18:03:49,579 DEBUG (BaseJdbcLogger.java:159)- ==> Parameters: 9(Integer)
2019-04-09 18:03:49,582 DEBUG (BaseJdbcLogger.java:159)- <==      Total: 2
2019-04-09 18:03:49,588 DEBUG (BaseJdbcLogger.java:159)- ==>  Preparing: SELECT m2.* FROM menu m1,menu m2 WHERE m1.mid=m2.pid AND m2.pid=? 
2019-04-09 18:03:49,589 DEBUG (BaseJdbcLogger.java:159)- ==> Parameters: 7(Integer)
2019-04-09 18:03:49,700 DEBUG (BaseJdbcLogger.java:159)- <==      Total: 3
2019-04-09 18:09:23,000 DEBUG (BaseJdbcLogger.java:159)- ==>  Preparing: SELECT m.*,u.userName FROM mishu AS m,USER AS u WHERE m.`userId`=u.`userid` 
2019-04-09 18:09:23,001 DEBUG (BaseJdbcLogger.java:159)- ==> Parameters: 
2019-04-09 18:09:23,004 DEBUG (BaseJdbcLogger.java:159)- <==      Total: 12
2019-04-09 18:10:02,078 DEBUG (BaseJdbcLogger.java:159)- ==>  Preparing: select * from mishu where businessCoding=? 
2019-04-09 18:10:02,079 DEBUG (BaseJdbcLogger.java:159)- ==> Parameters: CZM20180314001(String)
2019-04-09 18:10:02,095 DEBUG (BaseJdbcLogger.java:159)- <==      Total: 1
2019-04-09 18:13:29,657 DEBUG (BaseJdbcLogger.java:159)- ==>  Preparing: SELECT m.* FROM menu AS m,rolemenu AS rm WHERE m.mid=rm.mid AND rm.roleid=? AND m.pid IS NULL 
2019-04-09 18:13:29,658 DEBUG (BaseJdbcLogger.java:159)- ==> Parameters: 1(Integer)
2019-04-09 18:13:29,659 DEBUG (BaseJdbcLogger.java:159)- <==      Total: 6
2019-04-09 18:13:29,661 DEBUG (BaseJdbcLogger.java:159)- ==>  Preparing: SELECT m2.* FROM menu m1,menu m2 WHERE m1.mid=m2.pid AND m2.pid=? 
2019-04-09 18:13:29,661 DEBUG (BaseJdbcLogger.java:159)- ==> Parameters: 1(Integer)
2019-04-09 18:13:29,662 DEBUG (BaseJdbcLogger.java:159)- <==      Total: 2
2019-04-09 18:13:29,665 DEBUG (BaseJdbcLogger.java:159)- ==>  Preparing: SELECT m2.* FROM menu m1,menu m2 WHERE m1.mid=m2.pid AND m2.pid=? 
2019-04-09 18:13:29,665 DEBUG (BaseJdbcLogger.java:159)- ==> Parameters: 4(Integer)
2019-04-09 18:13:29,666 DEBUG (BaseJdbcLogger.java:159)- <==      Total: 1
2019-04-09 18:13:29,668 DEBUG (BaseJdbcLogger.java:159)- ==>  Preparing: SELECT m2.* FROM menu m1,menu m2 WHERE m1.mid=m2.pid AND m2.pid=? 
2019-04-09 18:13:29,668 DEBUG (BaseJdbcLogger.java:159)- ==> Parameters: 5(Integer)
2019-04-09 18:13:29,669 DEBUG (BaseJdbcLogger.java:159)- <==      Total: 2
2019-04-09 18:13:29,671 DEBUG (BaseJdbcLogger.java:159)- ==>  Preparing: SELECT m2.* FROM menu m1,menu m2 WHERE m1.mid=m2.pid AND m2.pid=? 
2019-04-09 18:13:29,672 DEBUG (BaseJdbcLogger.java:159)- ==> Parameters: 6(Integer)
2019-04-09 18:13:29,672 DEBUG (BaseJdbcLogger.java:159)- <==      Total: 2
2019-04-09 18:13:29,675 DEBUG (BaseJdbcLogger.java:159)- ==>  Preparing: SELECT m2.* FROM menu m1,menu m2 WHERE m1.mid=m2.pid AND m2.pid=? 
2019-04-09 18:13:29,675 DEBUG (BaseJdbcLogger.java:159)- ==> Parameters: 9(Integer)
2019-04-09 18:13:29,676 DEBUG (BaseJdbcLogger.java:159)- <==      Total: 2
2019-04-09 18:13:29,678 DEBUG (BaseJdbcLogger.java:159)- ==>  Preparing: SELECT m2.* FROM menu m1,menu m2 WHERE m1.mid=m2.pid AND m2.pid=? 
2019-04-09 18:13:29,679 DEBUG (BaseJdbcLogger.java:159)- ==> Parameters: 7(Integer)
2019-04-09 18:13:29,680 DEBUG (BaseJdbcLogger.java:159)- <==      Total: 3
2019-04-09 18:15:14,682 DEBUG (BaseJdbcLogger.java:159)- ==>  Preparing: SELECT m.* FROM menu AS m,rolemenu AS rm WHERE m.mid=rm.mid AND rm.roleid=? AND m.pid IS NULL 
2019-04-09 18:15:14,683 DEBUG (BaseJdbcLogger.java:159)- ==> Parameters: 1(Integer)
2019-04-09 18:15:14,684 DEBUG (BaseJdbcLogger.java:159)- <==      Total: 6
2019-04-09 18:15:14,687 DEBUG (BaseJdbcLogger.java:159)- ==>  Preparing: SELECT m2.* FROM menu m1,menu m2 WHERE m1.mid=m2.pid AND m2.pid=? 
2019-04-09 18:15:14,687 DEBUG (BaseJdbcLogger.java:159)- ==> Parameters: 1(Integer)
2019-04-09 18:15:14,688 DEBUG (BaseJdbcLogger.java:159)- <==      Total: 2
2019-04-09 18:15:14,690 DEBUG (BaseJdbcLogger.java:159)- ==>  Preparing: SELECT m2.* FROM menu m1,menu m2 WHERE m1.mid=m2.pid AND m2.pid=? 
2019-04-09 18:15:14,690 DEBUG (BaseJdbcLogger.java:159)- ==> Parameters: 4(Integer)
2019-04-09 18:15:14,691 DEBUG (BaseJdbcLogger.java:159)- <==      Total: 1
2019-04-09 18:15:14,694 DEBUG (BaseJdbcLogger.java:159)- ==>  Preparing: SELECT m2.* FROM menu m1,menu m2 WHERE m1.mid=m2.pid AND m2.pid=? 
2019-04-09 18:15:14,694 DEBUG (BaseJdbcLogger.java:159)- ==> Parameters: 5(Integer)
2019-04-09 18:15:14,695 DEBUG (BaseJdbcLogger.java:159)- <==      Total: 2
2019-04-09 18:15:14,698 DEBUG (BaseJdbcLogger.java:159)- ==>  Preparing: SELECT m2.* FROM menu m1,menu m2 WHERE m1.mid=m2.pid AND m2.pid=? 
2019-04-09 18:15:14,698 DEBUG (BaseJdbcLogger.java:159)- ==> Parameters: 6(Integer)
2019-04-09 18:15:14,698 DEBUG (BaseJdbcLogger.java:159)- <==      Total: 2
2019-04-09 18:15:14,701 DEBUG (BaseJdbcLogger.java:159)- ==>  Preparing: SELECT m2.* FROM menu m1,menu m2 WHERE m1.mid=m2.pid AND m2.pid=? 
2019-04-09 18:15:14,702 DEBUG (BaseJdbcLogger.java:159)- ==> Parameters: 9(Integer)
2019-04-09 18:15:14,702 DEBUG (BaseJdbcLogger.java:159)- <==      Total: 2
2019-04-09 18:15:14,705 DEBUG (BaseJdbcLogger.java:159)- ==>  Preparing: SELECT m2.* FROM menu m1,menu m2 WHERE m1.mid=m2.pid AND m2.pid=? 
2019-04-09 18:15:14,705 DEBUG (BaseJdbcLogger.java:159)- ==> Parameters: 7(Integer)
2019-04-09 18:15:14,705 DEBUG (BaseJdbcLogger.java:159)- <==      Total: 3
2019-04-09 18:17:04,358 DEBUG (BaseJdbcLogger.java:159)- ==>  Preparing: SELECT m.* FROM menu AS m,rolemenu AS rm WHERE m.mid=rm.mid AND rm.roleid=? AND m.pid IS NULL 
2019-04-09 18:17:04,359 DEBUG (BaseJdbcLogger.java:159)- ==> Parameters: 1(Integer)
2019-04-09 18:17:04,360 DEBUG (BaseJdbcLogger.java:159)- <==      Total: 6
2019-04-09 18:17:04,362 DEBUG (BaseJdbcLogger.java:159)- ==>  Preparing: SELECT m2.* FROM menu m1,menu m2 WHERE m1.mid=m2.pid AND m2.pid=? 
2019-04-09 18:17:04,362 DEBUG (BaseJdbcLogger.java:159)- ==> Parameters: 1(Integer)
2019-04-09 18:17:04,363 DEBUG (BaseJdbcLogger.java:159)- <==      Total: 2
2019-04-09 18:17:04,365 DEBUG (BaseJdbcLogger.java:159)- ==>  Preparing: SELECT m2.* FROM menu m1,menu m2 WHERE m1.mid=m2.pid AND m2.pid=? 
2019-04-09 18:17:04,365 DEBUG (BaseJdbcLogger.java:159)- ==> Parameters: 4(Integer)
2019-04-09 18:17:04,366 DEBUG (BaseJdbcLogger.java:159)- <==      Total: 1
2019-04-09 18:17:04,368 DEBUG (BaseJdbcLogger.java:159)- ==>  Preparing: SELECT m2.* FROM menu m1,menu m2 WHERE m1.mid=m2.pid AND m2.pid=? 
2019-04-09 18:17:04,369 DEBUG (BaseJdbcLogger.java:159)- ==> Parameters: 5(Integer)
2019-04-09 18:17:04,369 DEBUG (BaseJdbcLogger.java:159)- <==      Total: 2
2019-04-09 18:17:04,372 DEBUG (BaseJdbcLogger.java:159)- ==>  Preparing: SELECT m2.* FROM menu m1,menu m2 WHERE m1.mid=m2.pid AND m2.pid=? 
2019-04-09 18:17:04,372 DEBUG (BaseJdbcLogger.java:159)- ==> Parameters: 6(Integer)
2019-04-09 18:17:04,373 DEBUG (BaseJdbcLogger.java:159)- <==      Total: 2
2019-04-09 18:17:04,376 DEBUG (BaseJdbcLogger.java:159)- ==>  Preparing: SELECT m2.* FROM menu m1,menu m2 WHERE m1.mid=m2.pid AND m2.pid=? 
2019-04-09 18:17:04,376 DEBUG (BaseJdbcLogger.java:159)- ==> Parameters: 9(Integer)
2019-04-09 18:17:04,376 DEBUG (BaseJdbcLogger.java:159)- <==      Total: 2
2019-04-09 18:17:04,379 DEBUG (BaseJdbcLogger.java:159)- ==>  Preparing: SELECT m2.* FROM menu m1,menu m2 WHERE m1.mid=m2.pid AND m2.pid=? 
2019-04-09 18:17:04,379 DEBUG (BaseJdbcLogger.java:159)- ==> Parameters: 7(Integer)
2019-04-09 18:17:04,379 DEBUG (BaseJdbcLogger.java:159)- <==      Total: 3
2019-04-09 18:17:35,191 DEBUG (BaseJdbcLogger.java:159)- ==>  Preparing: SELECT m.* FROM menu AS m,rolemenu AS rm WHERE m.mid=rm.mid AND rm.roleid=? AND m.pid IS NULL 
2019-04-09 18:17:35,191 DEBUG (BaseJdbcLogger.java:159)- ==> Parameters: 1(Integer)
2019-04-09 18:17:35,192 DEBUG (BaseJdbcLogger.java:159)- <==      Total: 6
2019-04-09 18:17:35,195 DEBUG (BaseJdbcLogger.java:159)- ==>  Preparing: SELECT m2.* FROM menu m1,menu m2 WHERE m1.mid=m2.pid AND m2.pid=? 
2019-04-09 18:17:35,195 DEBUG (BaseJdbcLogger.java:159)- ==> Parameters: 1(Integer)
2019-04-09 18:17:35,195 DEBUG (BaseJdbcLogger.java:159)- <==      Total: 2
2019-04-09 18:17:35,198 DEBUG (BaseJdbcLogger.java:159)- ==>  Preparing: SELECT m2.* FROM menu m1,menu m2 WHERE m1.mid=m2.pid AND m2.pid=? 
2019-04-09 18:17:35,198 DEBUG (BaseJdbcLogger.java:159)- ==> Parameters: 4(Integer)
2019-04-09 18:17:35,199 DEBUG (BaseJdbcLogger.java:159)- <==      Total: 1
2019-04-09 18:17:35,201 DEBUG (BaseJdbcLogger.java:159)- ==>  Preparing: SELECT m2.* FROM menu m1,menu m2 WHERE m1.mid=m2.pid AND m2.pid=? 
2019-04-09 18:17:35,201 DEBUG (BaseJdbcLogger.java:159)- ==> Parameters: 5(Integer)
2019-04-09 18:17:35,202 DEBUG (BaseJdbcLogger.java:159)- <==      Total: 2
2019-04-09 18:17:35,204 DEBUG (BaseJdbcLogger.java:159)- ==>  Preparing: SELECT m2.* FROM menu m1,menu m2 WHERE m1.mid=m2.pid AND m2.pid=? 
2019-04-09 18:17:35,205 DEBUG (BaseJdbcLogger.java:159)- ==> Parameters: 6(Integer)
2019-04-09 18:17:35,205 DEBUG (BaseJdbcLogger.java:159)- <==      Total: 2
2019-04-09 18:17:35,208 DEBUG (BaseJdbcLogger.java:159)- ==>  Preparing: SELECT m2.* FROM menu m1,menu m2 WHERE m1.mid=m2.pid AND m2.pid=? 
2019-04-09 18:17:35,208 DEBUG (BaseJdbcLogger.java:159)- ==> Parameters: 9(Integer)
2019-04-09 18:17:35,208 DEBUG (BaseJdbcLogger.java:159)- <==      Total: 2
2019-04-09 18:17:35,211 DEBUG (BaseJdbcLogger.java:159)- ==>  Preparing: SELECT m2.* FROM menu m1,menu m2 WHERE m1.mid=m2.pid AND m2.pid=? 
2019-04-09 18:17:35,211 DEBUG (BaseJdbcLogger.java:159)- ==> Parameters: 7(Integer)
2019-04-09 18:17:35,212 DEBUG (BaseJdbcLogger.java:159)- <==      Total: 3
2019-04-09 18:18:03,789 DEBUG (BaseJdbcLogger.java:159)- ==>  Preparing: SELECT m.* FROM menu AS m,rolemenu AS rm WHERE m.mid=rm.mid AND rm.roleid=? AND m.pid IS NULL 
2019-04-09 18:18:03,791 DEBUG (BaseJdbcLogger.java:159)- ==> Parameters: 1(Integer)
2019-04-09 18:18:03,793 DEBUG (BaseJdbcLogger.java:159)- <==      Total: 6
2019-04-09 18:18:03,796 DEBUG (BaseJdbcLogger.java:159)- ==>  Preparing: SELECT m2.* FROM menu m1,menu m2 WHERE m1.mid=m2.pid AND m2.pid=? 
2019-04-09 18:18:03,796 DEBUG (BaseJdbcLogger.java:159)- ==> Parameters: 1(Integer)
2019-04-09 18:18:03,797 DEBUG (BaseJdbcLogger.java:159)- <==      Total: 1
2019-04-09 18:18:03,799 DEBUG (BaseJdbcLogger.java:159)- ==>  Preparing: SELECT m2.* FROM menu m1,menu m2 WHERE m1.mid=m2.pid AND m2.pid=? 
2019-04-09 18:18:03,799 DEBUG (BaseJdbcLogger.java:159)- ==> Parameters: 4(Integer)
2019-04-09 18:18:03,800 DEBUG (BaseJdbcLogger.java:159)- <==      Total: 1
2019-04-09 18:18:03,802 DEBUG (BaseJdbcLogger.java:159)- ==>  Preparing: SELECT m2.* FROM menu m1,menu m2 WHERE m1.mid=m2.pid AND m2.pid=? 
2019-04-09 18:18:03,802 DEBUG (BaseJdbcLogger.java:159)- ==> Parameters: 5(Integer)
2019-04-09 18:18:03,803 DEBUG (BaseJdbcLogger.java:159)- <==      Total: 2
2019-04-09 18:18:03,810 DEBUG (BaseJdbcLogger.java:159)- ==>  Preparing: SELECT m2.* FROM menu m1,menu m2 WHERE m1.mid=m2.pid AND m2.pid=? 
2019-04-09 18:18:03,810 DEBUG (BaseJdbcLogger.java:159)- ==> Parameters: 6(Integer)
2019-04-09 18:18:03,811 DEBUG (BaseJdbcLogger.java:159)- <==      Total: 2
2019-04-09 18:18:03,813 DEBUG (BaseJdbcLogger.java:159)- ==>  Preparing: SELECT m2.* FROM menu m1,menu m2 WHERE m1.mid=m2.pid AND m2.pid=? 
2019-04-09 18:18:03,814 DEBUG (BaseJdbcLogger.java:159)- ==> Parameters: 9(Integer)
2019-04-09 18:18:03,814 DEBUG (BaseJdbcLogger.java:159)- <==      Total: 2
2019-04-09 18:18:03,817 DEBUG (BaseJdbcLogger.java:159)- ==>  Preparing: SELECT m2.* FROM menu m1,menu m2 WHERE m1.mid=m2.pid AND m2.pid=? 
2019-04-09 18:18:03,817 DEBUG (BaseJdbcLogger.java:159)- ==> Parameters: 7(Integer)
2019-04-09 18:18:03,818 DEBUG (BaseJdbcLogger.java:159)- <==      Total: 3
2019-04-09 18:18:50,961 DEBUG (BaseJdbcLogger.java:159)- ==>  Preparing: SELECT m.* FROM menu AS m,rolemenu AS rm WHERE m.mid=rm.mid AND rm.roleid=? AND m.pid IS NULL 
2019-04-09 18:18:50,961 DEBUG (BaseJdbcLogger.java:159)- ==> Parameters: 1(Integer)
2019-04-09 18:18:50,962 DEBUG (BaseJdbcLogger.java:159)- <==      Total: 6
2019-04-09 18:18:50,965 DEBUG (BaseJdbcLogger.java:159)- ==>  Preparing: SELECT m2.* FROM menu m1,menu m2 WHERE m1.mid=m2.pid AND m2.pid=? 
2019-04-09 18:18:50,965 DEBUG (BaseJdbcLogger.java:159)- ==> Parameters: 1(Integer)
2019-04-09 18:18:50,966 DEBUG (BaseJdbcLogger.java:159)- <==      Total: 1
2019-04-09 18:18:50,968 DEBUG (BaseJdbcLogger.java:159)- ==>  Preparing: SELECT m2.* FROM menu m1,menu m2 WHERE m1.mid=m2.pid AND m2.pid=? 
2019-04-09 18:18:50,969 DEBUG (BaseJdbcLogger.java:159)- ==> Parameters: 4(Integer)
2019-04-09 18:18:50,969 DEBUG (BaseJdbcLogger.java:159)- <==      Total: 1
2019-04-09 18:18:50,972 DEBUG (BaseJdbcLogger.java:159)- ==>  Preparing: SELECT m2.* FROM menu m1,menu m2 WHERE m1.mid=m2.pid AND m2.pid=? 
2019-04-09 18:18:50,972 DEBUG (BaseJdbcLogger.java:159)- ==> Parameters: 5(Integer)
2019-04-09 18:18:50,972 DEBUG (BaseJdbcLogger.java:159)- <==      Total: 2
2019-04-09 18:18:50,975 DEBUG (BaseJdbcLogger.java:159)- ==>  Preparing: SELECT m2.* FROM menu m1,menu m2 WHERE m1.mid=m2.pid AND m2.pid=? 
2019-04-09 18:18:50,975 DEBUG (BaseJdbcLogger.java:159)- ==> Parameters: 6(Integer)
2019-04-09 18:18:50,976 DEBUG (BaseJdbcLogger.java:159)- <==      Total: 2
2019-04-09 18:18:50,978 DEBUG (BaseJdbcLogger.java:159)- ==>  Preparing: SELECT m2.* FROM menu m1,menu m2 WHERE m1.mid=m2.pid AND m2.pid=? 
2019-04-09 18:18:50,978 DEBUG (BaseJdbcLogger.java:159)- ==> Parameters: 9(Integer)
2019-04-09 18:18:50,979 DEBUG (BaseJdbcLogger.java:159)- <==      Total: 2
2019-04-09 18:18:50,981 DEBUG (BaseJdbcLogger.java:159)- ==>  Preparing: SELECT m2.* FROM menu m1,menu m2 WHERE m1.mid=m2.pid AND m2.pid=? 
2019-04-09 18:18:50,981 DEBUG (BaseJdbcLogger.java:159)- ==> Parameters: 7(Integer)
2019-04-09 18:18:50,981 DEBUG (BaseJdbcLogger.java:159)- <==      Total: 3
2019-04-09 18:18:59,919 DEBUG (BaseJdbcLogger.java:159)- ==>  Preparing: SELECT m.* FROM menu AS m,rolemenu AS rm WHERE m.mid=rm.mid AND rm.roleid=? AND m.pid IS NULL 
2019-04-09 18:18:59,919 DEBUG (BaseJdbcLogger.java:159)- ==> Parameters: 1(Integer)
2019-04-09 18:18:59,920 DEBUG (BaseJdbcLogger.java:159)- <==      Total: 6
2019-04-09 18:18:59,922 DEBUG (BaseJdbcLogger.java:159)- ==>  Preparing: SELECT m2.* FROM menu m1,menu m2 WHERE m1.mid=m2.pid AND m2.pid=? 
2019-04-09 18:18:59,923 DEBUG (BaseJdbcLogger.java:159)- ==> Parameters: 1(Integer)
2019-04-09 18:18:59,923 DEBUG (BaseJdbcLogger.java:159)- <==      Total: 1
2019-04-09 18:18:59,925 DEBUG (BaseJdbcLogger.java:159)- ==>  Preparing: SELECT m2.* FROM menu m1,menu m2 WHERE m1.mid=m2.pid AND m2.pid=? 
2019-04-09 18:18:59,925 DEBUG (BaseJdbcLogger.java:159)- ==> Parameters: 4(Integer)
2019-04-09 18:18:59,926 DEBUG (BaseJdbcLogger.java:159)- <==      Total: 1
2019-04-09 18:18:59,928 DEBUG (BaseJdbcLogger.java:159)- ==>  Preparing: SELECT m2.* FROM menu m1,menu m2 WHERE m1.mid=m2.pid AND m2.pid=? 
2019-04-09 18:18:59,929 DEBUG (BaseJdbcLogger.java:159)- ==> Parameters: 5(Integer)
2019-04-09 18:18:59,929 DEBUG (BaseJdbcLogger.java:159)- <==      Total: 2
2019-04-09 18:18:59,932 DEBUG (BaseJdbcLogger.java:159)- ==>  Preparing: SELECT m2.* FROM menu m1,menu m2 WHERE m1.mid=m2.pid AND m2.pid=? 
2019-04-09 18:18:59,932 DEBUG (BaseJdbcLogger.java:159)- ==> Parameters: 6(Integer)
2019-04-09 18:18:59,932 DEBUG (BaseJdbcLogger.java:159)- <==      Total: 2
2019-04-09 18:18:59,934 DEBUG (BaseJdbcLogger.java:159)- ==>  Preparing: SELECT m2.* FROM menu m1,menu m2 WHERE m1.mid=m2.pid AND m2.pid=? 
2019-04-09 18:18:59,935 DEBUG (BaseJdbcLogger.java:159)- ==> Parameters: 9(Integer)
2019-04-09 18:18:59,935 DEBUG (BaseJdbcLogger.java:159)- <==      Total: 2
2019-04-09 18:18:59,938 DEBUG (BaseJdbcLogger.java:159)- ==>  Preparing: SELECT m2.* FROM menu m1,menu m2 WHERE m1.mid=m2.pid AND m2.pid=? 
2019-04-09 18:18:59,938 DEBUG (BaseJdbcLogger.java:159)- ==> Parameters: 7(Integer)
2019-04-09 18:18:59,938 DEBUG (BaseJdbcLogger.java:159)- <==      Total: 3
2019-04-09 18:19:20,187 DEBUG (BaseJdbcLogger.java:159)- ==>  Preparing: SELECT m.* FROM menu AS m,rolemenu AS rm WHERE m.mid=rm.mid AND rm.roleid=? AND m.pid IS NULL 
2019-04-09 18:19:20,188 DEBUG (BaseJdbcLogger.java:159)- ==> Parameters: 1(Integer)
2019-04-09 18:19:20,188 DEBUG (BaseJdbcLogger.java:159)- <==      Total: 6
2019-04-09 18:19:20,191 DEBUG (BaseJdbcLogger.java:159)- ==>  Preparing: SELECT m2.* FROM menu m1,menu m2 WHERE m1.mid=m2.pid AND m2.pid=? 
2019-04-09 18:19:20,191 DEBUG (BaseJdbcLogger.java:159)- ==> Parameters: 1(Integer)
2019-04-09 18:19:20,192 DEBUG (BaseJdbcLogger.java:159)- <==      Total: 1
2019-04-09 18:19:20,194 DEBUG (BaseJdbcLogger.java:159)- ==>  Preparing: SELECT m2.* FROM menu m1,menu m2 WHERE m1.mid=m2.pid AND m2.pid=? 
2019-04-09 18:19:20,194 DEBUG (BaseJdbcLogger.java:159)- ==> Parameters: 4(Integer)
2019-04-09 18:19:20,195 DEBUG (BaseJdbcLogger.java:159)- <==      Total: 1
2019-04-09 18:19:20,197 DEBUG (BaseJdbcLogger.java:159)- ==>  Preparing: SELECT m2.* FROM menu m1,menu m2 WHERE m1.mid=m2.pid AND m2.pid=? 
2019-04-09 18:19:20,197 DEBUG (BaseJdbcLogger.java:159)- ==> Parameters: 5(Integer)
2019-04-09 18:19:20,198 DEBUG (BaseJdbcLogger.java:159)- <==      Total: 2
2019-04-09 18:19:20,200 DEBUG (BaseJdbcLogger.java:159)- ==>  Preparing: SELECT m2.* FROM menu m1,menu m2 WHERE m1.mid=m2.pid AND m2.pid=? 
2019-04-09 18:19:20,200 DEBUG (BaseJdbcLogger.java:159)- ==> Parameters: 6(Integer)
2019-04-09 18:19:20,201 DEBUG (BaseJdbcLogger.java:159)- <==      Total: 2
2019-04-09 18:19:20,203 DEBUG (BaseJdbcLogger.java:159)- ==>  Preparing: SELECT m2.* FROM menu m1,menu m2 WHERE m1.mid=m2.pid AND m2.pid=? 
2019-04-09 18:19:20,204 DEBUG (BaseJdbcLogger.java:159)- ==> Parameters: 9(Integer)
2019-04-09 18:19:20,204 DEBUG (BaseJdbcLogger.java:159)- <==      Total: 2
2019-04-09 18:19:20,207 DEBUG (BaseJdbcLogger.java:159)- ==>  Preparing: SELECT m2.* FROM menu m1,menu m2 WHERE m1.mid=m2.pid AND m2.pid=? 
2019-04-09 18:19:20,207 DEBUG (BaseJdbcLogger.java:159)- ==> Parameters: 7(Integer)
2019-04-09 18:19:20,207 DEBUG (BaseJdbcLogger.java:159)- <==      Total: 3
2019-04-09 18:28:41,120 DEBUG (BaseJdbcLogger.java:159)- ==>  Preparing: SELECT m.*,u.userName FROM mishu AS m,USER AS u WHERE m.`userId`=u.`userid` 
2019-04-09 18:28:41,122 DEBUG (BaseJdbcLogger.java:159)- ==> Parameters: 
2019-04-09 18:28:41,125 DEBUG (BaseJdbcLogger.java:159)- <==      Total: 12
2019-04-09 18:30:08,439 DEBUG (BaseJdbcLogger.java:159)- ==>  Preparing: SELECT m.* FROM menu AS m,rolemenu AS rm WHERE m.mid=rm.mid AND rm.roleid=? AND m.pid IS NULL 
2019-04-09 18:30:08,440 DEBUG (BaseJdbcLogger.java:159)- ==> Parameters: 1(Integer)
2019-04-09 18:30:08,441 DEBUG (BaseJdbcLogger.java:159)- <==      Total: 6
2019-04-09 18:30:08,444 DEBUG (BaseJdbcLogger.java:159)- ==>  Preparing: SELECT m2.* FROM menu m1,menu m2 WHERE m1.mid=m2.pid AND m2.pid=? 
2019-04-09 18:30:08,445 DEBUG (BaseJdbcLogger.java:159)- ==> Parameters: 1(Integer)
2019-04-09 18:30:08,447 DEBUG (BaseJdbcLogger.java:159)- <==      Total: 1
2019-04-09 18:30:08,450 DEBUG (BaseJdbcLogger.java:159)- ==>  Preparing: SELECT m2.* FROM menu m1,menu m2 WHERE m1.mid=m2.pid AND m2.pid=? 
2019-04-09 18:30:08,450 DEBUG (BaseJdbcLogger.java:159)- ==> Parameters: 4(Integer)
2019-04-09 18:30:08,451 DEBUG (BaseJdbcLogger.java:159)- <==      Total: 1
2019-04-09 18:30:08,454 DEBUG (BaseJdbcLogger.java:159)- ==>  Preparing: SELECT m2.* FROM menu m1,menu m2 WHERE m1.mid=m2.pid AND m2.pid=? 
2019-04-09 18:30:08,454 DEBUG (BaseJdbcLogger.java:159)- ==> Parameters: 5(Integer)
2019-04-09 18:30:08,454 DEBUG (BaseJdbcLogger.java:159)- <==      Total: 2
2019-04-09 18:30:08,456 DEBUG (BaseJdbcLogger.java:159)- ==>  Preparing: SELECT m2.* FROM menu m1,menu m2 WHERE m1.mid=m2.pid AND m2.pid=? 
2019-04-09 18:30:08,457 DEBUG (BaseJdbcLogger.java:159)- ==> Parameters: 6(Integer)
2019-04-09 18:30:08,458 DEBUG (BaseJdbcLogger.java:159)- <==      Total: 2
2019-04-09 18:30:08,460 DEBUG (BaseJdbcLogger.java:159)- ==>  Preparing: SELECT m2.* FROM menu m1,menu m2 WHERE m1.mid=m2.pid AND m2.pid=? 
2019-04-09 18:30:08,460 DEBUG (BaseJdbcLogger.java:159)- ==> Parameters: 9(Integer)
2019-04-09 18:30:08,461 DEBUG (BaseJdbcLogger.java:159)- <==      Total: 2
2019-04-09 18:30:08,463 DEBUG (BaseJdbcLogger.java:159)- ==>  Preparing: SELECT m2.* FROM menu m1,menu m2 WHERE m1.mid=m2.pid AND m2.pid=? 
2019-04-09 18:30:08,463 DEBUG (BaseJdbcLogger.java:159)- ==> Parameters: 7(Integer)
2019-04-09 18:30:08,464 DEBUG (BaseJdbcLogger.java:159)- <==      Total: 3
2019-04-09 18:50:50,319 DEBUG (BaseJdbcLogger.java:159)- ==>  Preparing: SELECT m.*,u.userName FROM mishu AS m,USER AS u WHERE m.`userId`=u.`userid` 
2019-04-09 18:50:50,319 DEBUG (BaseJdbcLogger.java:159)- ==> Parameters: 
2019-04-09 18:50:50,321 DEBUG (BaseJdbcLogger.java:159)- <==      Total: 12
2019-04-09 18:51:00,152 DEBUG (BaseJdbcLogger.java:159)- ==>  Preparing: select * from mishu where businessCoding=? 
2019-04-09 18:51:00,153 DEBUG (BaseJdbcLogger.java:159)- ==> Parameters: CZM20180314001(String)
2019-04-09 18:51:00,154 DEBUG (BaseJdbcLogger.java:159)- <==      Total: 1
2019-04-09 18:51:16,676 DEBUG (BaseJdbcLogger.java:159)- ==>  Preparing: select * from mishu where businessCoding=? 
2019-04-09 18:51:16,677 DEBUG (BaseJdbcLogger.java:159)- ==> Parameters: CZM20180314001(String)
2019-04-09 18:51:16,678 DEBUG (BaseJdbcLogger.java:159)- <==      Total: 1
2019-04-09 18:51:26,090 DEBUG (BaseJdbcLogger.java:159)- ==>  Preparing: SELECT m.*,u.userName FROM mishu AS m,USER AS u WHERE m.`userId`=u.`userid` 
2019-04-09 18:51:26,091 DEBUG (BaseJdbcLogger.java:159)- ==> Parameters: 
2019-04-09 18:51:26,092 DEBUG (BaseJdbcLogger.java:159)- <==      Total: 12
2019-04-09 18:51:35,658 DEBUG (BaseJdbcLogger.java:159)- ==>  Preparing: SELECT m.*,u.userName FROM mishu AS m,USER AS u WHERE m.`userId`=u.`userid` 
2019-04-09 18:51:35,659 DEBUG (BaseJdbcLogger.java:159)- ==> Parameters: 
2019-04-09 18:51:35,662 DEBUG (BaseJdbcLogger.java:159)- <==      Total: 12
2019-04-09 18:51:38,679 DEBUG (BaseJdbcLogger.java:159)- ==>  Preparing: select * from mishu where businessCoding=? 
2019-04-09 18:51:38,679 DEBUG (BaseJdbcLogger.java:159)- ==> Parameters: CZM20180314001(String)
2019-04-09 18:51:38,680 DEBUG (BaseJdbcLogger.java:159)- <==      Total: 1
2019-04-09 19:09:23,850 DEBUG (BaseJdbcLogger.java:159)- ==>  Preparing: SELECT m.*,u.userName FROM mishu AS m,USER AS u WHERE m.`userId`=u.`userid` 
2019-04-09 19:09:23,851 DEBUG (BaseJdbcLogger.java:159)- ==> Parameters: 
2019-04-09 19:09:24,189 DEBUG (BaseJdbcLogger.java:159)- <==      Total: 12
2019-04-09 19:10:00,409 DEBUG (BaseJdbcLogger.java:159)- ==>  Preparing: SELECT m.*,u.userName FROM mishu AS m,USER AS u WHERE m.`userId`=u.`userid` 
2019-04-09 19:10:00,410 DEBUG (BaseJdbcLogger.java:159)- ==> Parameters: 
2019-04-09 19:10:00,412 DEBUG (BaseJdbcLogger.java:159)- <==      Total: 12
2019-04-09 19:10:57,334 DEBUG (BaseJdbcLogger.java:159)- ==>  Preparing: SELECT m.*,u.userName FROM mishu AS m,USER AS u WHERE m.`userId`=u.`userid` 
2019-04-09 19:10:57,334 DEBUG (BaseJdbcLogger.java:159)- ==> Parameters: 
2019-04-09 19:10:57,336 DEBUG (BaseJdbcLogger.java:159)- <==      Total: 12
2019-04-09 19:11:03,100 DEBUG (BaseJdbcLogger.java:159)- ==>  Preparing: select * from mishu where businessCoding=? 
2019-04-09 19:11:03,101 DEBUG (BaseJdbcLogger.java:159)- ==> Parameters: CZM20180314001(String)
2019-04-09 19:11:03,101 DEBUG (BaseJdbcLogger.java:159)- <==      Total: 1
2019-04-09 19:13:24,622 DEBUG (BaseJdbcLogger.java:159)- ==>  Preparing: SELECT m.*,u.userName FROM mishu AS m,USER AS u WHERE m.`userId`=u.`userid` 
2019-04-09 19:13:24,623 DEBUG (BaseJdbcLogger.java:159)- ==> Parameters: 
2019-04-09 19:13:24,626 DEBUG (BaseJdbcLogger.java:159)- <==      Total: 12
2019-04-09 19:13:24,769 DEBUG (BaseJdbcLogger.java:159)- ==>  Preparing: SELECT m.*,u.userName FROM mishu AS m,USER AS u WHERE m.`userId`=u.`userid` 
2019-04-09 19:13:24,771 DEBUG (BaseJdbcLogger.java:159)- ==> Parameters: 
2019-04-09 19:13:24,773 DEBUG (BaseJdbcLogger.java:159)- <==      Total: 12
2019-04-09 19:13:41,944 DEBUG (BaseJdbcLogger.java:159)- ==>  Preparing: SELECT m.*,u.userName FROM mishu AS m,USER AS u WHERE m.`userId`=u.`userid` 
2019-04-09 19:13:41,945 DEBUG (BaseJdbcLogger.java:159)- ==> Parameters: 
2019-04-09 19:13:41,948 DEBUG (BaseJdbcLogger.java:159)- <==      Total: 12
2019-04-09 19:13:42,045 DEBUG (BaseJdbcLogger.java:159)- ==>  Preparing: SELECT m.*,u.userName FROM mishu AS m,USER AS u WHERE m.`userId`=u.`userid` 
2019-04-09 19:13:42,045 DEBUG (BaseJdbcLogger.java:159)- ==> Parameters: 
2019-04-09 19:13:42,047 DEBUG (BaseJdbcLogger.java:159)- <==      Total: 12
2019-04-09 19:15:31,748 DEBUG (BaseJdbcLogger.java:159)- ==>  Preparing: SELECT m.*,u.userName FROM mishu AS m,USER AS u WHERE m.`userId`=u.`userid` 
2019-04-09 19:15:31,749 DEBUG (BaseJdbcLogger.java:159)- ==> Parameters: 
2019-04-09 19:15:31,751 DEBUG (BaseJdbcLogger.java:159)- <==      Total: 12
2019-04-09 19:16:05,307 DEBUG (BaseJdbcLogger.java:159)- ==>  Preparing: SELECT m.*,u.userName FROM mishu AS m,USER AS u WHERE m.`userId`=u.`userid` 
2019-04-09 19:16:05,308 DEBUG (BaseJdbcLogger.java:159)- ==> Parameters: 
2019-04-09 19:16:05,309 DEBUG (BaseJdbcLogger.java:159)- <==      Total: 12
2019-04-09 19:19:07,946 DEBUG (BaseJdbcLogger.java:159)- ==>  Preparing: SELECT m.*,u.userName FROM mishu AS m,USER AS u WHERE m.`userId`=u.`userid` 
2019-04-09 19:19:07,947 DEBUG (BaseJdbcLogger.java:159)- ==> Parameters: 
2019-04-09 19:19:07,949 DEBUG (BaseJdbcLogger.java:159)- <==      Total: 12
2019-04-09 19:23:19,345 INFO (StartupInfoLogger.java:50)- Starting PiccApplication on 紫迎 with PID 26336 (C:\Users\Dell\Desktop\Picc\target\classes started by Dell in C:\Users\Dell\Desktop\Picc)
2019-04-09 19:23:19,345 DEBUG (StartupInfoLogger.java:53)- Running with Spring Boot v2.1.3.RELEASE, Spring v5.1.5.RELEASE
2019-04-09 19:23:19,346 INFO (SpringApplication.java:675)- No active profile set, falling back to default profiles: default
2019-04-09 19:23:21,930 INFO (StartupInfoLogger.java:59)- Started PiccApplication in 3.356 seconds (JVM running for 4.627)
2019-04-09 19:23:22,284 DEBUG (BaseJdbcLogger.java:159)- ==>  Preparing: SELECT m.*,u.userName FROM mishu AS m,USER AS u WHERE m.`userId`=u.`userid` 
2019-04-09 19:23:22,304 DEBUG (BaseJdbcLogger.java:159)- ==> Parameters: 
2019-04-09 19:23:22,326 DEBUG (BaseJdbcLogger.java:159)- <==      Total: 12
2019-04-09 19:24:18,493 DEBUG (BaseJdbcLogger.java:159)- ==>  Preparing: select * from mishu where businessCoding=? 
2019-04-09 19:24:18,494 DEBUG (BaseJdbcLogger.java:159)- ==> Parameters: CZM20180314011(String)
2019-04-09 19:24:18,496 DEBUG (BaseJdbcLogger.java:159)- <==      Total: 1
2019-04-09 19:24:22,791 DEBUG (BaseJdbcLogger.java:159)- ==>  Preparing: UPDATE `mishu` SET `customerName` = ?, `telephone` = ?, `licensePlate` = ?, `plateColor` = ?, `threeInOne` = ?, `businessCoding` = ?, `submission` = ? WHERE `businessCoding` = ? 
2019-04-09 19:24:22,793 DEBUG (BaseJdbcLogger.java:159)- ==> Parameters: 王五(String), 17831125354(String), 冀H3332(String), 1(Integer), 1(Integer), CZM20180314011(String), 1(Integer), CZM20180314011(String)
2019-04-09 19:24:23,139 DEBUG (BaseJdbcLogger.java:159)- <==    Updates: 1
2019-04-09 19:24:23,164 DEBUG (BaseJdbcLogger.java:159)- ==>  Preparing: SELECT m.*,u.userName FROM mishu AS m,USER AS u WHERE m.`userId`=u.`userid` 
2019-04-09 19:24:23,164 DEBUG (BaseJdbcLogger.java:159)- ==> Parameters: 
2019-04-09 19:24:23,171 DEBUG (BaseJdbcLogger.java:159)- <==      Total: 12
2019-04-09 19:24:41,768 DEBUG (BaseJdbcLogger.java:159)- ==>  Preparing: select * from mishu where businessCoding=? 
2019-04-09 19:24:41,768 DEBUG (BaseJdbcLogger.java:159)- ==> Parameters: CZM20180314011(String)
2019-04-09 19:24:41,770 DEBUG (BaseJdbcLogger.java:159)- <==      Total: 1
2019-04-09 19:25:33,300 DEBUG (BaseJdbcLogger.java:159)- ==>  Preparing: SELECT m.*,u.userName FROM mishu AS m,USER AS u WHERE m.`userId`=u.`userid` 
2019-04-09 19:25:33,300 DEBUG (BaseJdbcLogger.java:159)- ==> Parameters: 
2019-04-09 19:25:33,304 DEBUG (BaseJdbcLogger.java:159)- <==      Total: 12
2019-04-09 19:25:48,971 DEBUG (BaseJdbcLogger.java:159)- ==>  Preparing: SELECT m.*,u.userName FROM mishu AS m,USER AS u WHERE m.`userId`=u.`userid` 
2019-04-09 19:25:48,974 DEBUG (BaseJdbcLogger.java:159)- ==> Parameters: 
2019-04-09 19:25:48,980 DEBUG (BaseJdbcLogger.java:159)- <==      Total: 12
