2019-04-08 16:58:36,520 INFO (StartupInfoLogger.java:50)- Starting PiccApplication on 紫迎 with PID 1888 (C:\Users\Dell\Desktop\Picc\target\classes started by Dell in C:\Users\Dell\Desktop\Picc)
2019-04-08 16:58:36,521 DEBUG (StartupInfoLogger.java:53)- Running with Spring Boot v2.1.3.RELEASE, Spring v5.1.5.RELEASE
2019-04-08 16:58:36,522 INFO (SpringApplication.java:675)- No active profile set, falling back to default profiles: default
2019-04-08 16:58:40,467 INFO (StartupInfoLogger.java:59)- Started PiccApplication in 5.023 seconds (JVM running for 6.907)
2019-04-08 16:58:47,923 DEBUG (BaseJdbcLogger.java:159)- ==>  Preparing: SELECT u.*,ur.rid FROM USER u,userrole ur WHERE u.userid=ur.uid AND userCode=? and userPwd=? 
2019-04-08 16:58:47,941 DEBUG (BaseJdbcLogger.java:159)- ==> Parameters: admin(String), 123(String)
2019-04-08 16:58:48,046 DEBUG (BaseJdbcLogger.java:159)- <==      Total: 1
2019-04-08 16:58:48,432 DEBUG (BaseJdbcLogger.java:159)- ==>  Preparing: SELECT m.* FROM menu AS m,rolemenu AS rm WHERE m.mid=rm.mid AND rm.roleid=? AND m.pid IS NULL 
2019-04-08 16:58:48,434 DEBUG (BaseJdbcLogger.java:159)- ==> Parameters: 1(Integer)
2019-04-08 16:58:48,437 DEBUG (BaseJdbcLogger.java:159)- <==      Total: 5
2019-04-08 16:58:48,453 DEBUG (BaseJdbcLogger.java:159)- ==>  Preparing: SELECT m2.* FROM menu m1,menu m2 WHERE m1.mid=m2.pid AND m2.pid=? 
2019-04-08 16:58:48,453 DEBUG (BaseJdbcLogger.java:159)- ==> Parameters: 1(Integer)
2019-04-08 16:58:48,465 DEBUG (BaseJdbcLogger.java:159)- <==      Total: 2
2019-04-08 16:58:48,468 DEBUG (BaseJdbcLogger.java:159)- ==>  Preparing: SELECT m2.* FROM menu m1,menu m2 WHERE m1.mid=m2.pid AND m2.pid=? 
2019-04-08 16:58:48,468 DEBUG (BaseJdbcLogger.java:159)- ==> Parameters: 4(Integer)
2019-04-08 16:58:48,469 DEBUG (BaseJdbcLogger.java:159)- <==      Total: 1
2019-04-08 16:58:48,472 DEBUG (BaseJdbcLogger.java:159)- ==>  Preparing: SELECT m2.* FROM menu m1,menu m2 WHERE m1.mid=m2.pid AND m2.pid=? 
2019-04-08 16:58:48,473 DEBUG (BaseJdbcLogger.java:159)- ==> Parameters: 5(Integer)
2019-04-08 16:58:48,474 DEBUG (BaseJdbcLogger.java:159)- <==      Total: 2
2019-04-08 16:58:48,477 DEBUG (BaseJdbcLogger.java:159)- ==>  Preparing: SELECT m2.* FROM menu m1,menu m2 WHERE m1.mid=m2.pid AND m2.pid=? 
2019-04-08 16:58:48,478 DEBUG (BaseJdbcLogger.java:159)- ==> Parameters: 6(Integer)
2019-04-08 16:58:48,479 DEBUG (BaseJdbcLogger.java:159)- <==      Total: 2
2019-04-08 16:58:48,481 DEBUG (BaseJdbcLogger.java:159)- ==>  Preparing: SELECT m2.* FROM menu m1,menu m2 WHERE m1.mid=m2.pid AND m2.pid=? 
2019-04-08 16:58:48,481 DEBUG (BaseJdbcLogger.java:159)- ==> Parameters: 9(Integer)
2019-04-08 16:58:48,482 DEBUG (BaseJdbcLogger.java:159)- <==      Total: 2
2019-04-08 16:59:02,178 DEBUG (BaseJdbcLogger.java:159)- ==>  Preparing: SELECT m.*,u.userName FROM mishu AS m,USER AS u WHERE m.`userId`=u.`userid` 
2019-04-08 16:59:02,178 DEBUG (BaseJdbcLogger.java:159)- ==> Parameters: 
2019-04-08 16:59:02,181 DEBUG (BaseJdbcLogger.java:159)- <==      Total: 12
