2019-04-17 09:14:02,923 INFO (StartupInfoLogger.java:50)- Starting PiccApplication on 紫迎 with PID 15384 (C:\Users\Dell\Desktop\Picc\target\classes started by Dell in C:\Users\Dell\Desktop\Picc)
2019-04-17 09:14:02,923 DEBUG (StartupInfoLogger.java:53)- Running with Spring Boot v2.1.3.RELEASE, Spring v5.1.5.RELEASE
2019-04-17 09:14:02,926 INFO (SpringApplication.java:675)- No active profile set, falling back to default profiles: default
2019-04-17 09:14:07,204 INFO (StartupInfoLogger.java:59)- Started PiccApplication in 6.644 seconds (JVM running for 9.167)
2019-04-17 09:14:51,940 DEBUG (BaseJdbcLogger.java:159)- ==>  Preparing: SELECT u.*,ur.rid FROM USER u,userrole ur WHERE u.userid=ur.uid AND userCode=? and userPwd=? 
2019-04-17 09:14:51,958 DEBUG (BaseJdbcLogger.java:159)- ==> Parameters: admin(String), 123(String)
2019-04-17 09:14:51,988 DEBUG (BaseJdbcLogger.java:159)- <==      Total: 1
2019-04-17 09:14:52,433 DEBUG (BaseJdbcLogger.java:159)- ==>  Preparing: SELECT m.* FROM menu AS m,rolemenu AS rm WHERE m.mid=rm.mid AND rm.roleid=? AND m.pid IS NULL 
2019-04-17 09:14:52,434 DEBUG (BaseJdbcLogger.java:159)- ==> Parameters: 1(Integer)
2019-04-17 09:14:52,439 DEBUG (BaseJdbcLogger.java:159)- <==      Total: 6
2019-04-17 09:14:52,464 DEBUG (BaseJdbcLogger.java:159)- ==>  Preparing: SELECT m2.* FROM menu m1,menu m2 WHERE m1.mid=m2.pid AND m2.pid=? 
2019-04-17 09:14:52,465 DEBUG (BaseJdbcLogger.java:159)- ==> Parameters: 1(Integer)
2019-04-17 09:14:52,467 DEBUG (BaseJdbcLogger.java:159)- <==      Total: 1
2019-04-17 09:14:52,471 DEBUG (BaseJdbcLogger.java:159)- ==>  Preparing: SELECT m2.* FROM menu m1,menu m2 WHERE m1.mid=m2.pid AND m2.pid=? 
2019-04-17 09:14:52,472 DEBUG (BaseJdbcLogger.java:159)- ==> Parameters: 4(Integer)
2019-04-17 09:14:52,473 DEBUG (BaseJdbcLogger.java:159)- <==      Total: 2
2019-04-17 09:14:52,477 DEBUG (BaseJdbcLogger.java:159)- ==>  Preparing: SELECT m2.* FROM menu m1,menu m2 WHERE m1.mid=m2.pid AND m2.pid=? 
2019-04-17 09:14:52,478 DEBUG (BaseJdbcLogger.java:159)- ==> Parameters: 5(Integer)
2019-04-17 09:14:52,481 DEBUG (BaseJdbcLogger.java:159)- <==      Total: 3
2019-04-17 09:14:52,485 DEBUG (BaseJdbcLogger.java:159)- ==>  Preparing: SELECT m2.* FROM menu m1,menu m2 WHERE m1.mid=m2.pid AND m2.pid=? 
2019-04-17 09:14:52,485 DEBUG (BaseJdbcLogger.java:159)- ==> Parameters: 6(Integer)
2019-04-17 09:14:52,487 DEBUG (BaseJdbcLogger.java:159)- <==      Total: 3
2019-04-17 09:14:52,489 DEBUG (BaseJdbcLogger.java:159)- ==>  Preparing: SELECT m2.* FROM menu m1,menu m2 WHERE m1.mid=m2.pid AND m2.pid=? 
2019-04-17 09:14:52,490 DEBUG (BaseJdbcLogger.java:159)- ==> Parameters: 9(Integer)
2019-04-17 09:14:52,493 DEBUG (BaseJdbcLogger.java:159)- <==      Total: 3
2019-04-17 09:14:52,497 DEBUG (BaseJdbcLogger.java:159)- ==>  Preparing: SELECT m2.* FROM menu m1,menu m2 WHERE m1.mid=m2.pid AND m2.pid=? 
2019-04-17 09:14:52,497 DEBUG (BaseJdbcLogger.java:159)- ==> Parameters: 7(Integer)
2019-04-17 09:14:52,499 DEBUG (BaseJdbcLogger.java:159)- <==      Total: 3
2019-04-17 09:14:57,009 DEBUG (BaseJdbcLogger.java:159)- ==>  Preparing: SELECT m.*,u.userName FROM mishu AS m,USER AS u WHERE m.`userId`=u.`userid` AND reject = 0 AND submission = 1 and state in (1,2) ORDER BY msId DESC 
2019-04-17 09:14:57,010 DEBUG (BaseJdbcLogger.java:159)- ==> Parameters: 
2019-04-17 09:14:57,016 DEBUG (BaseJdbcLogger.java:159)- <==      Total: 6
